[ 2017-03-26T19:44:15+08:00 ] 127.0.0.1 /wemall/index.php?m=App&c=Index&a=index&uid=1
INFO: [ app_init ] --START--
INFO: Run Behavior\BuildLiteBehavior [ RunTime:0.000030s ]
INFO: [ app_init ] --END-- [ RunTime:0.000140s ]
SQL: SHOW COLUMNS FROM `wemall_info` [ RunTime:0.0014s ]
SQL: SELECT * FROM `wemall_info` LIMIT 1   [ RunTime:0.0003s ]
INFO: [ app_begin ] --START--
INFO: Run Behavior\ReadHtmlCacheBehavior [ RunTime:0.000454s ]
INFO: [ app_begin ] --END-- [ RunTime:0.000521s ]
SQL: SELECT * FROM `wemall_info` LIMIT 1   [ RunTime:0.0004s ]
SQL: SHOW COLUMNS FROM `wemall_menu` [ RunTime:0.0011s ]
SQL: SELECT * FROM `wemall_menu`  [ RunTime:0.0003s ]
SQL: SHOW COLUMNS FROM `wemall_good` [ RunTime:0.0010s ]
SQL: SELECT * FROM `wemall_good`  [ RunTime:0.0004s ]
SQL: SHOW COLUMNS FROM `wemall_user` [ RunTime:0.0017s ]
SQL: SELECT * FROM `wemall_user` WHERE `uid` = '1' LIMIT 1   [ RunTime:0.0003s ]
SQL: SHOW COLUMNS FROM `wemall_alipay` [ RunTime:0.0005s ]
SQL: SELECT * FROM `wemall_alipay` LIMIT 1   [ RunTime:0.0002s ]
INFO: [ view_parse ] --START--
INFO: [ template_filter ] --START--
INFO: Run Behavior\ContentReplaceBehavior [ RunTime:0.000091s ]
INFO: [ template_filter ] --END-- [ RunTime:0.000154s ]
INFO: Run Behavior\ParseTemplateBehavior [ RunTime:0.014014s ]
INFO: [ view_parse ] --END-- [ RunTime:0.014067s ]
INFO: [ view_filter ] --START--
INFO: Run Behavior\WriteHtmlCacheBehavior [ RunTime:0.000178s ]
INFO: [ view_filter ] --END-- [ RunTime:0.000209s ]
INFO: [ app_end ] --START--
INFO: Run Behavior\ShowPageTraceBehavior [ RunTime:0.000414s ]
INFO: [ app_end ] --END-- [ RunTime:0.000447s ]

[ 2017-03-26T19:44:25+08:00 ] 127.0.0.1 /wemall/index.php?m=App&c=Index&a=index&uid=1
INFO: [ app_init ] --START--
INFO: Run Behavior\BuildLiteBehavior [ RunTime:0.000104s ]
INFO: [ app_init ] --END-- [ RunTime:0.000282s ]
SQL: SHOW COLUMNS FROM `wemall_info` [ RunTime:0.0006s ]
SQL: SELECT * FROM `wemall_info` LIMIT 1   [ RunTime:0.0003s ]
INFO: [ app_begin ] --START--
INFO: Run Behavior\ReadHtmlCacheBehavior [ RunTime:0.000619s ]
INFO: [ app_begin ] --END-- [ RunTime:0.000679s ]
SQL: SELECT * FROM `wemall_info` LIMIT 1   [ RunTime:0.0003s ]
SQL: SHOW COLUMNS FROM `wemall_menu` [ RunTime:0.0006s ]
SQL: SELECT * FROM `wemall_menu`  [ RunTime:0.0004s ]
SQL: SHOW COLUMNS FROM `wemall_good` [ RunTime:0.0014s ]
SQL: SELECT * FROM `wemall_good`  [ RunTime:0.0004s ]
SQL: SHOW COLUMNS FROM `wemall_user` [ RunTime:0.0007s ]
SQL: SELECT * FROM `wemall_user` WHERE `uid` = '1' LIMIT 1   [ RunTime:0.0005s ]
SQL: SHOW COLUMNS FROM `wemall_alipay` [ RunTime:0.0008s ]
SQL: SELECT * FROM `wemall_alipay` LIMIT 1   [ RunTime:0.0005s ]
INFO: [ view_parse ] --START--
INFO: [ template_filter ] --START--
INFO: Run Behavior\ContentReplaceBehavior [ RunTime:0.000082s ]
INFO: [ template_filter ] --END-- [ RunTime:0.000138s ]
INFO: Run Behavior\ParseTemplateBehavior [ RunTime:0.014947s ]
INFO: [ view_parse ] --END-- [ RunTime:0.015006s ]
INFO: [ view_filter ] --START--
INFO: Run Behavior\WriteHtmlCacheBehavior [ RunTime:0.000221s ]
INFO: [ view_filter ] --END-- [ RunTime:0.000271s ]
INFO: [ app_end ] --START--
INFO: Run Behavior\ShowPageTraceBehavior [ RunTime:0.000642s ]
INFO: [ app_end ] --END-- [ RunTime:0.000726s ]

[ 2017-03-26T19:44:39+08:00 ] 127.0.0.1 /wemall/index.php?m=App&c=Index&a=index
INFO: [ app_init ] --START--
INFO: Run Behavior\BuildLiteBehavior [ RunTime:0.000011s ]
INFO: [ app_init ] --END-- [ RunTime:0.000052s ]
SQL: SHOW COLUMNS FROM `wemall_info` [ RunTime:0.0005s ]
SQL: SELECT * FROM `wemall_info` LIMIT 1   [ RunTime:0.0002s ]
INFO: [ app_begin ] --START--
INFO: Run Behavior\ReadHtmlCacheBehavior [ RunTime:0.000427s ]
INFO: [ app_begin ] --END-- [ RunTime:0.000467s ]
INFO: [ app_end ] --START--
INFO: Run Behavior\ShowPageTraceBehavior [ RunTime:0.000394s ]
INFO: [ app_end ] --END-- [ RunTime:0.000434s ]

[ 2017-03-26T19:44:46+08:00 ] 127.0.0.1 /wemall/index.php?m=App&c=Index&a=index
INFO: [ app_init ] --START--
INFO: Run Behavior\BuildLiteBehavior [ RunTime:0.000011s ]
INFO: [ app_init ] --END-- [ RunTime:0.000053s ]
SQL: SHOW COLUMNS FROM `wemall_info` [ RunTime:0.0005s ]
SQL: SELECT * FROM `wemall_info` LIMIT 1   [ RunTime:0.0002s ]
INFO: [ app_begin ] --START--
INFO: Run Behavior\ReadHtmlCacheBehavior [ RunTime:0.000414s ]
INFO: [ app_begin ] --END-- [ RunTime:0.000453s ]
INFO: [ app_end ] --START--
INFO: Run Behavior\ShowPageTraceBehavior [ RunTime:0.000381s ]
INFO: [ app_end ] --END-- [ RunTime:0.000421s ]

[ 2017-03-26T19:44:47+08:00 ] 127.0.0.1 /wemall/index.php?m=App&c=Index&a=index
INFO: [ app_init ] --START--
INFO: Run Behavior\BuildLiteBehavior [ RunTime:0.000016s ]
INFO: [ app_init ] --END-- [ RunTime:0.000066s ]
SQL: SHOW COLUMNS FROM `wemall_info` [ RunTime:0.0005s ]
SQL: SELECT * FROM `wemall_info` LIMIT 1   [ RunTime:0.0002s ]
INFO: [ app_begin ] --START--
INFO: Run Behavior\ReadHtmlCacheBehavior [ RunTime:0.000374s ]
INFO: [ app_begin ] --END-- [ RunTime:0.000415s ]
INFO: [ app_end ] --START--
INFO: Run Behavior\ShowPageTraceBehavior [ RunTime:0.000355s ]
INFO: [ app_end ] --END-- [ RunTime:0.000395s ]

[ 2017-03-26T19:50:17+08:00 ] 127.0.0.1 /wemall/index.php?m=App&c=Index&a=index
INFO: [ app_init ] --START--
INFO: Run Behavior\BuildLiteBehavior [ RunTime:0.000013s ]
INFO: [ app_init ] --END-- [ RunTime:0.000061s ]
SQL: SHOW COLUMNS FROM `wemall_info` [ RunTime:0.0006s ]
SQL: SELECT * FROM `wemall_info` LIMIT 1   [ RunTime:0.0002s ]
INFO: [ app_begin ] --START--
INFO: Run Behavior\ReadHtmlCacheBehavior [ RunTime:0.000953s ]
INFO: [ app_begin ] --END-- [ RunTime:0.001019s ]
INFO: [ view_parse ] --START--
INFO: [ template_filter ] --START--
INFO: Run Behavior\ContentReplaceBehavior [ RunTime:0.000076s ]
INFO: [ template_filter ] --END-- [ RunTime:0.000116s ]
NOTIC: [8] Undefined variable: info /Users/leif/web/wemall/Application/Runtime/Cache/App/b3ba23a6e9acd69a195631f901b26db3.php 第 4 行.
NOTIC: [8] Undefined variable: info /Users/leif/web/wemall/Application/Runtime/Cache/App/b3ba23a6e9acd69a195631f901b26db3.php 第 24 行.
NOTIC: [8] Undefined variable: menu /Users/leif/web/wemall/Application/Runtime/Cache/App/b3ba23a6e9acd69a195631f901b26db3.php 第 26 行.
NOTIC: [8] Undefined variable: info /Users/leif/web/wemall/Application/Runtime/Cache/App/b3ba23a6e9acd69a195631f901b26db3.php 第 39 行.
NOTIC: [8] Undefined variable: goods /Users/leif/web/wemall/Application/Runtime/Cache/App/b3ba23a6e9acd69a195631f901b26db3.php 第 47 行.
NOTIC: [8] Undefined variable: users /Users/leif/web/wemall/Application/Runtime/Cache/App/b3ba23a6e9acd69a195631f901b26db3.php 第 120 行.
NOTIC: [8] Undefined variable: users /Users/leif/web/wemall/Application/Runtime/Cache/App/b3ba23a6e9acd69a195631f901b26db3.php 第 129 行.
NOTIC: [8] Undefined variable: users /Users/leif/web/wemall/Application/Runtime/Cache/App/b3ba23a6e9acd69a195631f901b26db3.php 第 146 行.
INFO: Run Behavior\ParseTemplateBehavior [ RunTime:0.011232s ]
INFO: [ view_parse ] --END-- [ RunTime:0.011298s ]
INFO: [ view_filter ] --START--
INFO: Run Behavior\WriteHtmlCacheBehavior [ RunTime:0.000560s ]
INFO: [ view_filter ] --END-- [ RunTime:0.000594s ]
INFO: [ app_end ] --START--
INFO: Run Behavior\ShowPageTraceBehavior [ RunTime:0.000784s ]
INFO: [ app_end ] --END-- [ RunTime:0.000819s ]

[ 2017-03-26T19:50:21+08:00 ] 127.0.0.1 /wemall/index.php/App/Index/getorders
INFO: [ app_init ] --START--
INFO: Run Behavior\BuildLiteBehavior [ RunTime:0.000012s ]
INFO: [ app_init ] --END-- [ RunTime:0.000061s ]
SQL: SHOW COLUMNS FROM `wemall_info` [ RunTime:0.0005s ]
SQL: SELECT * FROM `wemall_info` LIMIT 1   [ RunTime:0.0003s ]
INFO: [ app_begin ] --START--
INFO: Run Behavior\ReadHtmlCacheBehavior [ RunTime:0.000672s ]
INFO: [ app_begin ] --END-- [ RunTime:0.000731s ]
SQL: SHOW COLUMNS FROM `wemall_user` [ RunTime:0.0006s ]
SQL: SELECT * FROM `wemall_user` WHERE `uid` = '' LIMIT 1   [ RunTime:0.0003s ]
SQL: SHOW COLUMNS FROM `wemall_order` [ RunTime:0.0034s ]
SQL: SELECT * FROM `wemall_order` WHERE `user_id` = null ORDER BY id desc  [ RunTime:0.0004s ]

[ 2017-03-26T19:50:26+08:00 ] 127.0.0.1 /wemall/index.php/App/Index/getorders
INFO: [ app_init ] --START--
INFO: Run Behavior\BuildLiteBehavior [ RunTime:0.000013s ]
INFO: [ app_init ] --END-- [ RunTime:0.000122s ]
SQL: SHOW COLUMNS FROM `wemall_info` [ RunTime:0.0005s ]
SQL: SELECT * FROM `wemall_info` LIMIT 1   [ RunTime:0.0002s ]
INFO: [ app_begin ] --START--
INFO: Run Behavior\ReadHtmlCacheBehavior [ RunTime:0.000382s ]
INFO: [ app_begin ] --END-- [ RunTime:0.000420s ]
SQL: SHOW COLUMNS FROM `wemall_user` [ RunTime:0.0005s ]
SQL: SELECT * FROM `wemall_user` WHERE `uid` = '' LIMIT 1   [ RunTime:0.0002s ]
SQL: SHOW COLUMNS FROM `wemall_order` [ RunTime:0.0005s ]
SQL: SELECT * FROM `wemall_order` WHERE `user_id` = null ORDER BY id desc  [ RunTime:0.0003s ]

[ 2017-03-26T19:50:38+08:00 ] 127.0.0.1 /wemall/index.php?m=App&c=Index&a=index
INFO: [ app_init ] --START--
INFO: Run Behavior\BuildLiteBehavior [ RunTime:0.000011s ]
INFO: [ app_init ] --END-- [ RunTime:0.000056s ]
SQL: SHOW COLUMNS FROM `wemall_info` [ RunTime:0.0005s ]
SQL: SELECT * FROM `wemall_info` LIMIT 1   [ RunTime:0.0003s ]
INFO: [ app_begin ] --START--
INFO: Run Behavior\ReadHtmlCacheBehavior [ RunTime:0.000351s ]
INFO: [ app_begin ] --END-- [ RunTime:0.000390s ]
INFO: [ view_parse ] --START--
INFO: [ template_filter ] --START--
INFO: Run Behavior\ContentReplaceBehavior [ RunTime:0.000076s ]
INFO: [ template_filter ] --END-- [ RunTime:0.000129s ]
NOTIC: [8] Undefined variable: info /Users/leif/web/wemall/Application/Runtime/Cache/App/b3ba23a6e9acd69a195631f901b26db3.php 第 4 行.
NOTIC: [8] Undefined variable: info /Users/leif/web/wemall/Application/Runtime/Cache/App/b3ba23a6e9acd69a195631f901b26db3.php 第 24 行.
NOTIC: [8] Undefined variable: menu /Users/leif/web/wemall/Application/Runtime/Cache/App/b3ba23a6e9acd69a195631f901b26db3.php 第 26 行.
NOTIC: [8] Undefined variable: info /Users/leif/web/wemall/Application/Runtime/Cache/App/b3ba23a6e9acd69a195631f901b26db3.php 第 39 行.
NOTIC: [8] Undefined variable: goods /Users/leif/web/wemall/Application/Runtime/Cache/App/b3ba23a6e9acd69a195631f901b26db3.php 第 47 行.
NOTIC: [8] Undefined variable: users /Users/leif/web/wemall/Application/Runtime/Cache/App/b3ba23a6e9acd69a195631f901b26db3.php 第 120 行.
NOTIC: [8] Undefined variable: users /Users/leif/web/wemall/Application/Runtime/Cache/App/b3ba23a6e9acd69a195631f901b26db3.php 第 129 行.
NOTIC: [8] Undefined variable: users /Users/leif/web/wemall/Application/Runtime/Cache/App/b3ba23a6e9acd69a195631f901b26db3.php 第 146 行.
INFO: Run Behavior\ParseTemplateBehavior [ RunTime:0.008710s ]
INFO: [ view_parse ] --END-- [ RunTime:0.008745s ]
INFO: [ view_filter ] --START--
INFO: Run Behavior\WriteHtmlCacheBehavior [ RunTime:0.000148s ]
INFO: [ view_filter ] --END-- [ RunTime:0.000177s ]
INFO: [ app_end ] --START--
INFO: Run Behavior\ShowPageTraceBehavior [ RunTime:0.000363s ]
INFO: [ app_end ] --END-- [ RunTime:0.000394s ]

[ 2017-03-26T19:51:49+08:00 ] 127.0.0.1 /wemall/index.php?m=App&c=Index&a=index
INFO: [ app_init ] --START--
INFO: Run Behavior\BuildLiteBehavior [ RunTime:0.000011s ]
INFO: [ app_init ] --END-- [ RunTime:0.000055s ]
SQL: SHOW COLUMNS FROM `wemall_info` [ RunTime:0.0005s ]
SQL: SELECT * FROM `wemall_info` LIMIT 1   [ RunTime:0.0002s ]
INFO: [ app_begin ] --START--
INFO: Run Behavior\ReadHtmlCacheBehavior [ RunTime:0.000795s ]
INFO: [ app_begin ] --END-- [ RunTime:0.000839s ]
SQL: SELECT * FROM `wemall_info` LIMIT 1   [ RunTime:0.0003s ]
SQL: SHOW COLUMNS FROM `wemall_menu` [ RunTime:0.0006s ]
SQL: SELECT * FROM `wemall_menu`  [ RunTime:0.0002s ]
SQL: SHOW COLUMNS FROM `wemall_good` [ RunTime:0.0006s ]
SQL: SELECT * FROM `wemall_good`  [ RunTime:0.0002s ]
SQL: SHOW COLUMNS FROM `wemall_alipay` [ RunTime:0.0004s ]
SQL: SELECT * FROM `wemall_alipay` LIMIT 1   [ RunTime:0.0002s ]
INFO: [ view_parse ] --START--
INFO: [ template_filter ] --START--
INFO: Run Behavior\ContentReplaceBehavior [ RunTime:0.000100s ]
INFO: [ template_filter ] --END-- [ RunTime:0.000146s ]
NOTIC: [8] Undefined variable: users /Users/leif/web/wemall/Application/Runtime/Cache/App/b3ba23a6e9acd69a195631f901b26db3.php 第 120 行.
NOTIC: [8] Undefined variable: users /Users/leif/web/wemall/Application/Runtime/Cache/App/b3ba23a6e9acd69a195631f901b26db3.php 第 129 行.
NOTIC: [8] Undefined variable: users /Users/leif/web/wemall/Application/Runtime/Cache/App/b3ba23a6e9acd69a195631f901b26db3.php 第 146 行.
INFO: Run Behavior\ParseTemplateBehavior [ RunTime:0.011973s ]
INFO: [ view_parse ] --END-- [ RunTime:0.012006s ]
INFO: [ view_filter ] --START--
INFO: Run Behavior\WriteHtmlCacheBehavior [ RunTime:0.000549s ]
INFO: [ view_filter ] --END-- [ RunTime:0.000598s ]
INFO: [ app_end ] --START--
INFO: Run Behavior\ShowPageTraceBehavior [ RunTime:0.001062s ]
INFO: [ app_end ] --END-- [ RunTime:0.001133s ]

[ 2017-03-26T19:51:54+08:00 ] 127.0.0.1 /wemall/index.php/App/Index/fetchgooddetail
INFO: [ app_init ] --START--
INFO: Run Behavior\BuildLiteBehavior [ RunTime:0.000011s ]
INFO: [ app_init ] --END-- [ RunTime:0.000056s ]
SQL: SHOW COLUMNS FROM `wemall_info` [ RunTime:0.0006s ]
SQL: SELECT * FROM `wemall_info` LIMIT 1   [ RunTime:0.0003s ]
INFO: [ app_begin ] --START--
INFO: Run Behavior\ReadHtmlCacheBehavior [ RunTime:0.000343s ]
INFO: [ app_begin ] --END-- [ RunTime:0.000377s ]
SQL: SHOW COLUMNS FROM `wemall_good` [ RunTime:0.0007s ]
SQL: SELECT * FROM `wemall_good` WHERE `id` = 1 LIMIT 1   [ RunTime:0.0003s ]

[ 2017-03-26T19:52:01+08:00 ] 127.0.0.1 /wemall/index.php/App/Index/fetchgooddetail
INFO: [ app_init ] --START--
INFO: Run Behavior\BuildLiteBehavior [ RunTime:0.000010s ]
INFO: [ app_init ] --END-- [ RunTime:0.000050s ]
SQL: SHOW COLUMNS FROM `wemall_info` [ RunTime:0.0006s ]
SQL: SELECT * FROM `wemall_info` LIMIT 1   [ RunTime:0.0002s ]
INFO: [ app_begin ] --START--
INFO: Run Behavior\ReadHtmlCacheBehavior [ RunTime:0.000412s ]
INFO: [ app_begin ] --END-- [ RunTime:0.000450s ]
SQL: SHOW COLUMNS FROM `wemall_good` [ RunTime:0.0005s ]
SQL: SELECT * FROM `wemall_good` WHERE `id` = 1 LIMIT 1   [ RunTime:0.0003s ]

[ 2017-03-26T19:52:15+08:00 ] 127.0.0.1 /wemall/index.php/App/Index/addorder
INFO: [ app_init ] --START--
INFO: Run Behavior\BuildLiteBehavior [ RunTime:0.000010s ]
INFO: [ app_init ] --END-- [ RunTime:0.000055s ]
SQL: SHOW COLUMNS FROM `wemall_info` [ RunTime:0.0005s ]
SQL: SELECT * FROM `wemall_info` LIMIT 1   [ RunTime:0.0003s ]
INFO: [ app_begin ] --START--
INFO: Run Behavior\ReadHtmlCacheBehavior [ RunTime:0.000525s ]
INFO: [ app_begin ] --END-- [ RunTime:0.000580s ]
NOTIC: [8] Use of undefined constant value - assumed 'value' /Users/leif/web/wemall/Application/App/Controller/IndexController.class.php 第 56 行.
NOTIC: [8] Use of undefined constant value - assumed 'value' /Users/leif/web/wemall/Application/App/Controller/IndexController.class.php 第 57 行.
NOTIC: [8] Use of undefined constant value - assumed 'value' /Users/leif/web/wemall/Application/App/Controller/IndexController.class.php 第 58 行.
NOTIC: [8] Use of undefined constant value - assumed 'value' /Users/leif/web/wemall/Application/App/Controller/IndexController.class.php 第 59 行.
NOTIC: [8] Use of undefined constant value - assumed 'value' /Users/leif/web/wemall/Application/App/Controller/IndexController.class.php 第 60 行.
SQL: SHOW COLUMNS FROM `wemall_user` [ RunTime:0.0008s ]
SQL: SELECT * FROM `wemall_user` WHERE `uid` = '' LIMIT 1   [ RunTime:0.0004s ]
SQL: INSERT INTO `wemall_user` (`uid`,`username`,`phone`,`address`) VALUES ('','','','') [ RunTime:0.0022s ]
SQL: SHOW COLUMNS FROM `wemall_order` [ RunTime:0.0009s ]
SQL: INSERT INTO `wemall_order` (`orderid`,`totalprice`,`pay_style`,`pay_status`,`note`,`order_status`,`time`,`cartdata`,`user_id`) VALUES ('1703260752154','8.00','货到付款','0','','0','2017/03/26 19:52:15','[{&quot;name&quot;:&quot;苹果&quot;,&quot;num&quot;:&quot;1&quot;,&quot;price&quot;:&quot;5&quot;},{&quot;name&quot;:&quot;番茄&quot;,&quot;num&quot;:&quot;1&quot;,&quot;price&quot;:&quot;3&quot;}]','2') [ RunTime:0.0013s ]
SQL: SHOW COLUMNS FROM `wemall_wxconfig` [ RunTime:0.0023s ]
SQL: SELECT * FROM `wemall_wxconfig` LIMIT 1   [ RunTime:0.0005s ]
INFO: [ app_end ] --START--
INFO: Run Behavior\ShowPageTraceBehavior [ RunTime:0.004096s ]
INFO: [ app_end ] --END-- [ RunTime:0.004162s ]

[ 2017-03-26T19:52:15+08:00 ] 127.0.0.1 /wemall/index.php/App/Index/getorders
INFO: [ app_init ] --START--
INFO: Run Behavior\BuildLiteBehavior [ RunTime:0.000011s ]
INFO: [ app_init ] --END-- [ RunTime:0.000053s ]
SQL: SHOW COLUMNS FROM `wemall_info` [ RunTime:0.0006s ]
SQL: SELECT * FROM `wemall_info` LIMIT 1   [ RunTime:0.0003s ]
INFO: [ app_begin ] --START--
INFO: Run Behavior\ReadHtmlCacheBehavior [ RunTime:0.000584s ]
INFO: [ app_begin ] --END-- [ RunTime:0.000657s ]
SQL: SHOW COLUMNS FROM `wemall_user` [ RunTime:0.0007s ]
SQL: SELECT * FROM `wemall_user` WHERE `uid` = '' LIMIT 1   [ RunTime:0.0004s ]
SQL: SHOW COLUMNS FROM `wemall_order` [ RunTime:0.0008s ]
SQL: SELECT * FROM `wemall_order` WHERE `user_id` = 2 ORDER BY id desc  [ RunTime:0.0008s ]

[ 2017-03-26T19:52:21+08:00 ] 127.0.0.1 /wemall/index.php/App/Index/getorders
INFO: [ app_init ] --START--
INFO: Run Behavior\BuildLiteBehavior [ RunTime:0.000015s ]
INFO: [ app_init ] --END-- [ RunTime:0.000081s ]
SQL: SHOW COLUMNS FROM `wemall_info` [ RunTime:0.0008s ]
SQL: SELECT * FROM `wemall_info` LIMIT 1   [ RunTime:0.0004s ]
INFO: [ app_begin ] --START--
INFO: Run Behavior\ReadHtmlCacheBehavior [ RunTime:0.000657s ]
INFO: [ app_begin ] --END-- [ RunTime:0.000724s ]
SQL: SHOW COLUMNS FROM `wemall_user` [ RunTime:0.0008s ]
SQL: SELECT * FROM `wemall_user` WHERE `uid` = '' LIMIT 1   [ RunTime:0.0005s ]
SQL: SHOW COLUMNS FROM `wemall_order` [ RunTime:0.0008s ]
SQL: SELECT * FROM `wemall_order` WHERE `user_id` = 2 ORDER BY id desc  [ RunTime:0.0004s ]

[ 2017-03-26T20:35:26+08:00 ] 127.0.0.1 /wemall/index.php?m=App&c=Index&a=index
INFO: [ app_init ] --START--
INFO: Run Behavior\BuildLiteBehavior [ RunTime:0.000010s ]
INFO: [ app_init ] --END-- [ RunTime:0.000055s ]
SQL: SHOW COLUMNS FROM `wemall_info` [ RunTime:0.0005s ]
SQL: SELECT * FROM `wemall_info` LIMIT 1   [ RunTime:0.0002s ]
INFO: [ app_begin ] --START--
INFO: Run Behavior\ReadHtmlCacheBehavior [ RunTime:0.001003s ]
INFO: [ app_begin ] --END-- [ RunTime:0.001064s ]
INFO: [ app_end ] --START--
INFO: Run Behavior\ShowPageTraceBehavior [ RunTime:0.000913s ]
INFO: [ app_end ] --END-- [ RunTime:0.000967s ]

[ 2017-03-26T20:35:27+08:00 ] 127.0.0.1 /wemall/index.php?m=App&c=Index&a=index&uid=1
INFO: [ app_init ] --START--
INFO: Run Behavior\BuildLiteBehavior [ RunTime:0.000015s ]
INFO: [ app_init ] --END-- [ RunTime:0.000081s ]
SQL: SHOW COLUMNS FROM `wemall_info` [ RunTime:0.0009s ]
SQL: SELECT * FROM `wemall_info` LIMIT 1   [ RunTime:0.0005s ]
INFO: [ app_begin ] --START--
INFO: Run Behavior\ReadHtmlCacheBehavior [ RunTime:0.000686s ]
INFO: [ app_begin ] --END-- [ RunTime:0.000752s ]
SQL: SELECT * FROM `wemall_info` LIMIT 1   [ RunTime:0.0004s ]
SQL: SHOW COLUMNS FROM `wemall_menu` [ RunTime:0.0010s ]
SQL: SELECT * FROM `wemall_menu`  [ RunTime:0.0005s ]
SQL: SHOW COLUMNS FROM `wemall_good` [ RunTime:0.0008s ]
SQL: SELECT * FROM `wemall_good`  [ RunTime:0.0003s ]
SQL: SHOW COLUMNS FROM `wemall_user` [ RunTime:0.0006s ]
SQL: SELECT * FROM `wemall_user` WHERE `uid` = '1' LIMIT 1   [ RunTime:0.0003s ]
SQL: SHOW COLUMNS FROM `wemall_alipay` [ RunTime:0.0005s ]
SQL: SELECT * FROM `wemall_alipay` LIMIT 1   [ RunTime:0.0003s ]
INFO: [ view_parse ] --START--
INFO: [ template_filter ] --START--
INFO: Run Behavior\ContentReplaceBehavior [ RunTime:0.000108s ]
INFO: [ template_filter ] --END-- [ RunTime:0.000180s ]
INFO: Run Behavior\ParseTemplateBehavior [ RunTime:0.013795s ]
INFO: [ view_parse ] --END-- [ RunTime:0.013840s ]
INFO: [ view_filter ] --START--
INFO: Run Behavior\WriteHtmlCacheBehavior [ RunTime:0.000205s ]
INFO: [ view_filter ] --END-- [ RunTime:0.000236s ]
INFO: [ app_end ] --START--
INFO: Run Behavior\ShowPageTraceBehavior [ RunTime:0.001142s ]
INFO: [ app_end ] --END-- [ RunTime:0.001194s ]

[ 2017-03-26T20:36:02+08:00 ] 127.0.0.1 /wemall/index.php?m=App&c=Index&a=index&uid=1
INFO: [ app_init ] --START--
INFO: Run Behavior\BuildLiteBehavior [ RunTime:0.000011s ]
INFO: [ app_init ] --END-- [ RunTime:0.000055s ]
SQL: SHOW COLUMNS FROM `wemall_info` [ RunTime:0.0018s ]
SQL: SELECT * FROM `wemall_info` LIMIT 1   [ RunTime:0.0006s ]
INFO: [ app_begin ] --START--
INFO: Run Behavior\ReadHtmlCacheBehavior [ RunTime:0.000709s ]
INFO: [ app_begin ] --END-- [ RunTime:0.000793s ]
SQL: SELECT * FROM `wemall_info` LIMIT 1   [ RunTime:0.0006s ]
SQL: SHOW COLUMNS FROM `wemall_menu` [ RunTime:0.0012s ]
SQL: SELECT * FROM `wemall_menu`  [ RunTime:0.0003s ]
SQL: SHOW COLUMNS FROM `wemall_good` [ RunTime:0.0007s ]
SQL: SELECT * FROM `wemall_good`  [ RunTime:0.0004s ]
SQL: SHOW COLUMNS FROM `wemall_user` [ RunTime:0.0006s ]
SQL: SELECT * FROM `wemall_user` WHERE `uid` = '1' LIMIT 1   [ RunTime:0.0005s ]
SQL: SHOW COLUMNS FROM `wemall_alipay` [ RunTime:0.0008s ]
SQL: SELECT * FROM `wemall_alipay` LIMIT 1   [ RunTime:0.0003s ]
INFO: [ view_parse ] --START--
INFO: [ template_filter ] --START--
INFO: Run Behavior\ContentReplaceBehavior [ RunTime:0.000089s ]
INFO: [ template_filter ] --END-- [ RunTime:0.000238s ]
INFO: Run Behavior\ParseTemplateBehavior [ RunTime:0.012911s ]
INFO: [ view_parse ] --END-- [ RunTime:0.012964s ]
INFO: [ view_filter ] --START--
INFO: Run Behavior\WriteHtmlCacheBehavior [ RunTime:0.000161s ]
INFO: [ view_filter ] --END-- [ RunTime:0.000191s ]
INFO: [ app_end ] --START--
INFO: Run Behavior\ShowPageTraceBehavior [ RunTime:0.000823s ]
INFO: [ app_end ] --END-- [ RunTime:0.000906s ]

[ 2017-03-26T20:36:18+08:00 ] 127.0.0.1 /wemall/index.php?m=App&c=Index&a=index&uid=1
INFO: [ app_init ] --START--
INFO: Run Behavior\BuildLiteBehavior [ RunTime:0.000011s ]
INFO: [ app_init ] --END-- [ RunTime:0.000055s ]
SQL: SHOW COLUMNS FROM `wemall_info` [ RunTime:0.0007s ]
SQL: SELECT * FROM `wemall_info` LIMIT 1   [ RunTime:0.0002s ]
INFO: [ app_begin ] --START--
INFO: Run Behavior\ReadHtmlCacheBehavior [ RunTime:0.000572s ]
INFO: [ app_begin ] --END-- [ RunTime:0.000650s ]
SQL: SELECT * FROM `wemall_info` LIMIT 1   [ RunTime:0.0004s ]
SQL: SHOW COLUMNS FROM `wemall_menu` [ RunTime:0.0013s ]
SQL: SELECT * FROM `wemall_menu`  [ RunTime:0.0003s ]
SQL: SHOW COLUMNS FROM `wemall_good` [ RunTime:0.0005s ]
SQL: SELECT * FROM `wemall_good`  [ RunTime:0.0004s ]
SQL: SHOW COLUMNS FROM `wemall_user` [ RunTime:0.0005s ]
SQL: SELECT * FROM `wemall_user` WHERE `uid` = '1' LIMIT 1   [ RunTime:0.0003s ]
SQL: SHOW COLUMNS FROM `wemall_alipay` [ RunTime:0.0007s ]
SQL: SELECT * FROM `wemall_alipay` LIMIT 1   [ RunTime:0.0003s ]
INFO: [ view_parse ] --START--
INFO: [ template_filter ] --START--
INFO: Run Behavior\ContentReplaceBehavior [ RunTime:0.000085s ]
INFO: [ template_filter ] --END-- [ RunTime:0.000133s ]
INFO: Run Behavior\ParseTemplateBehavior [ RunTime:0.010978s ]
INFO: [ view_parse ] --END-- [ RunTime:0.011036s ]
INFO: [ view_filter ] --START--
INFO: Run Behavior\WriteHtmlCacheBehavior [ RunTime:0.000157s ]
INFO: [ view_filter ] --END-- [ RunTime:0.000187s ]
INFO: [ app_end ] --START--
INFO: Run Behavior\ShowPageTraceBehavior [ RunTime:0.000917s ]
INFO: [ app_end ] --END-- [ RunTime:0.000961s ]

[ 2017-03-26T20:36:19+08:00 ] 127.0.0.1 /wemall/index.php?m=App&c=Index&a=index&uid=1
INFO: [ app_init ] --START--
INFO: Run Behavior\BuildLiteBehavior [ RunTime:0.000012s ]
INFO: [ app_init ] --END-- [ RunTime:0.000056s ]
SQL: SHOW COLUMNS FROM `wemall_info` [ RunTime:0.0005s ]
SQL: SELECT * FROM `wemall_info` LIMIT 1   [ RunTime:0.0002s ]
INFO: [ app_begin ] --START--
INFO: Run Behavior\ReadHtmlCacheBehavior [ RunTime:0.000520s ]
INFO: [ app_begin ] --END-- [ RunTime:0.000570s ]
SQL: SELECT * FROM `wemall_info` LIMIT 1   [ RunTime:0.0003s ]
SQL: SHOW COLUMNS FROM `wemall_menu` [ RunTime:0.0007s ]
SQL: SELECT * FROM `wemall_menu`  [ RunTime:0.0005s ]
SQL: SHOW COLUMNS FROM `wemall_good` [ RunTime:0.0030s ]
SQL: SELECT * FROM `wemall_good`  [ RunTime:0.0003s ]
SQL: SHOW COLUMNS FROM `wemall_user` [ RunTime:0.0005s ]
SQL: SELECT * FROM `wemall_user` WHERE `uid` = '1' LIMIT 1   [ RunTime:0.0002s ]
SQL: SHOW COLUMNS FROM `wemall_alipay` [ RunTime:0.0006s ]
SQL: SELECT * FROM `wemall_alipay` LIMIT 1   [ RunTime:0.0003s ]
INFO: [ view_parse ] --START--
INFO: [ template_filter ] --START--
INFO: Run Behavior\ContentReplaceBehavior [ RunTime:0.000087s ]
INFO: [ template_filter ] --END-- [ RunTime:0.000135s ]
INFO: Run Behavior\ParseTemplateBehavior [ RunTime:0.011164s ]
INFO: [ view_parse ] --END-- [ RunTime:0.011226s ]
INFO: [ view_filter ] --START--
INFO: Run Behavior\WriteHtmlCacheBehavior [ RunTime:0.000187s ]
INFO: [ view_filter ] --END-- [ RunTime:0.000220s ]
INFO: [ app_end ] --START--
INFO: Run Behavior\ShowPageTraceBehavior [ RunTime:0.001623s ]
INFO: [ app_end ] --END-- [ RunTime:0.001681s ]

[ 2017-03-26T20:36:23+08:00 ] 127.0.0.1 /wemall/index.php?m=App&c=Index&a=index
INFO: [ app_init ] --START--
INFO: Run Behavior\BuildLiteBehavior [ RunTime:0.000010s ]
INFO: [ app_init ] --END-- [ RunTime:0.000051s ]
SQL: SHOW COLUMNS FROM `wemall_info` [ RunTime:0.0005s ]
SQL: SELECT * FROM `wemall_info` LIMIT 1   [ RunTime:0.0002s ]
INFO: [ app_begin ] --START--
INFO: Run Behavior\ReadHtmlCacheBehavior [ RunTime:0.000385s ]
INFO: [ app_begin ] --END-- [ RunTime:0.000425s ]
SQL: SELECT * FROM `wemall_info` LIMIT 1   [ RunTime:0.0002s ]
SQL: SHOW COLUMNS FROM `wemall_menu` [ RunTime:0.0004s ]
SQL: SELECT * FROM `wemall_menu`  [ RunTime:0.0003s ]
SQL: SHOW COLUMNS FROM `wemall_good` [ RunTime:0.0004s ]
SQL: SELECT * FROM `wemall_good`  [ RunTime:0.0002s ]
SQL: SHOW COLUMNS FROM `wemall_user` [ RunTime:0.0004s ]
SQL: SELECT * FROM `wemall_user` WHERE `uid` = '' LIMIT 1   [ RunTime:0.0003s ]
SQL: SHOW COLUMNS FROM `wemall_alipay` [ RunTime:0.0004s ]
SQL: SELECT * FROM `wemall_alipay` LIMIT 1   [ RunTime:0.0003s ]
INFO: [ view_parse ] --START--
INFO: [ template_filter ] --START--
INFO: Run Behavior\ContentReplaceBehavior [ RunTime:0.000082s ]
INFO: [ template_filter ] --END-- [ RunTime:0.000124s ]
INFO: Run Behavior\ParseTemplateBehavior [ RunTime:0.008544s ]
INFO: [ view_parse ] --END-- [ RunTime:0.008585s ]
INFO: [ view_filter ] --START--
INFO: Run Behavior\WriteHtmlCacheBehavior [ RunTime:0.000205s ]
INFO: [ view_filter ] --END-- [ RunTime:0.000239s ]
INFO: [ app_end ] --START--
INFO: Run Behavior\ShowPageTraceBehavior [ RunTime:0.000848s ]
INFO: [ app_end ] --END-- [ RunTime:0.000886s ]

[ 2017-03-26T20:36:24+08:00 ] 127.0.0.1 /wemall/index.php?m=App&c=Index&a=index
INFO: [ app_init ] --START--
INFO: Run Behavior\BuildLiteBehavior [ RunTime:0.000021s ]
INFO: [ app_init ] --END-- [ RunTime:0.000086s ]
SQL: SHOW COLUMNS FROM `wemall_info` [ RunTime:0.0007s ]
SQL: SELECT * FROM `wemall_info` LIMIT 1   [ RunTime:0.0004s ]
INFO: [ app_begin ] --START--
INFO: Run Behavior\ReadHtmlCacheBehavior [ RunTime:0.000457s ]
INFO: [ app_begin ] --END-- [ RunTime:0.000497s ]
SQL: SELECT * FROM `wemall_info` LIMIT 1   [ RunTime:0.0003s ]
SQL: SHOW COLUMNS FROM `wemall_menu` [ RunTime:0.0005s ]
SQL: SELECT * FROM `wemall_menu`  [ RunTime:0.0003s ]
SQL: SHOW COLUMNS FROM `wemall_good` [ RunTime:0.0008s ]
SQL: SELECT * FROM `wemall_good`  [ RunTime:0.0007s ]
SQL: SHOW COLUMNS FROM `wemall_user` [ RunTime:0.0011s ]
SQL: SELECT * FROM `wemall_user` WHERE `uid` = '' LIMIT 1   [ RunTime:0.0005s ]
SQL: SHOW COLUMNS FROM `wemall_alipay` [ RunTime:0.0005s ]
SQL: SELECT * FROM `wemall_alipay` LIMIT 1   [ RunTime:0.0003s ]
INFO: [ view_parse ] --START--
INFO: [ template_filter ] --START--
INFO: Run Behavior\ContentReplaceBehavior [ RunTime:0.000066s ]
INFO: [ template_filter ] --END-- [ RunTime:0.000105s ]
INFO: Run Behavior\ParseTemplateBehavior [ RunTime:0.008462s ]
INFO: [ view_parse ] --END-- [ RunTime:0.008500s ]
INFO: [ view_filter ] --START--
INFO: Run Behavior\WriteHtmlCacheBehavior [ RunTime:0.000238s ]
INFO: [ view_filter ] --END-- [ RunTime:0.000265s ]
INFO: [ app_end ] --START--
INFO: Run Behavior\ShowPageTraceBehavior [ RunTime:0.000842s ]
INFO: [ app_end ] --END-- [ RunTime:0.000880s ]

[ 2017-03-26T20:36:39+08:00 ] 127.0.0.1 /wemall/index.php?m=App&c=Index&a=index
INFO: [ app_init ] --START--
INFO: Run Behavior\BuildLiteBehavior [ RunTime:0.000015s ]
INFO: [ app_init ] --END-- [ RunTime:0.000062s ]
SQL: SHOW COLUMNS FROM `wemall_info` [ RunTime:0.0006s ]
SQL: SELECT * FROM `wemall_info` LIMIT 1   [ RunTime:0.0003s ]
INFO: [ app_begin ] --START--
INFO: Run Behavior\ReadHtmlCacheBehavior [ RunTime:0.000510s ]
INFO: [ app_begin ] --END-- [ RunTime:0.000666s ]
SQL: SELECT * FROM `wemall_info` LIMIT 1   [ RunTime:0.0004s ]
SQL: SHOW COLUMNS FROM `wemall_menu` [ RunTime:0.0007s ]
SQL: SELECT * FROM `wemall_menu`  [ RunTime:0.0004s ]
SQL: SHOW COLUMNS FROM `wemall_good` [ RunTime:0.0007s ]
SQL: SELECT * FROM `wemall_good`  [ RunTime:0.0003s ]
SQL: SHOW COLUMNS FROM `wemall_user` [ RunTime:0.0004s ]
SQL: SELECT * FROM `wemall_user` WHERE `uid` = '' LIMIT 1   [ RunTime:0.0003s ]
SQL: SHOW COLUMNS FROM `wemall_alipay` [ RunTime:0.0004s ]
SQL: SELECT * FROM `wemall_alipay` LIMIT 1   [ RunTime:0.0002s ]
INFO: [ view_parse ] --START--
INFO: [ template_filter ] --START--
INFO: Run Behavior\ContentReplaceBehavior [ RunTime:0.000123s ]
INFO: [ template_filter ] --END-- [ RunTime:0.000201s ]
INFO: Run Behavior\ParseTemplateBehavior [ RunTime:0.011228s ]
INFO: [ view_parse ] --END-- [ RunTime:0.011276s ]
INFO: [ view_filter ] --START--
INFO: Run Behavior\WriteHtmlCacheBehavior [ RunTime:0.000161s ]
INFO: [ view_filter ] --END-- [ RunTime:0.000191s ]
INFO: [ app_end ] --START--
INFO: Run Behavior\ShowPageTraceBehavior [ RunTime:0.001073s ]
INFO: [ app_end ] --END-- [ RunTime:0.001158s ]

[ 2017-03-26T20:37:36+08:00 ] 127.0.0.1 /wemall/index.php/App/Index/fetchgooddetail
INFO: [ app_init ] --START--
INFO: Run Behavior\BuildLiteBehavior [ RunTime:0.000010s ]
INFO: [ app_init ] --END-- [ RunTime:0.000077s ]
SQL: SHOW COLUMNS FROM `wemall_info` [ RunTime:0.0005s ]
SQL: SELECT * FROM `wemall_info` LIMIT 1   [ RunTime:0.0002s ]
INFO: [ app_begin ] --START--
INFO: Run Behavior\ReadHtmlCacheBehavior [ RunTime:0.000901s ]
INFO: [ app_begin ] --END-- [ RunTime:0.000946s ]
SQL: SHOW COLUMNS FROM `wemall_good` [ RunTime:0.0006s ]
SQL: SELECT * FROM `wemall_good` WHERE `id` = 3 LIMIT 1   [ RunTime:0.0004s ]

[ 2017-03-26T20:37:38+08:00 ] 127.0.0.1 /wemall/index.php/App/Index/fetchgooddetail
INFO: [ app_init ] --START--
INFO: Run Behavior\BuildLiteBehavior [ RunTime:0.000016s ]
INFO: [ app_init ] --END-- [ RunTime:0.000085s ]
SQL: SHOW COLUMNS FROM `wemall_info` [ RunTime:0.0007s ]
SQL: SELECT * FROM `wemall_info` LIMIT 1   [ RunTime:0.0002s ]
INFO: [ app_begin ] --START--
INFO: Run Behavior\ReadHtmlCacheBehavior [ RunTime:0.000372s ]
INFO: [ app_begin ] --END-- [ RunTime:0.000409s ]
SQL: SHOW COLUMNS FROM `wemall_good` [ RunTime:0.0005s ]
SQL: SELECT * FROM `wemall_good` WHERE `id` = 2 LIMIT 1   [ RunTime:0.0003s ]

[ 2017-03-26T20:37:48+08:00 ] 127.0.0.1 /wemall/index.php/App/Index/addorder
INFO: [ app_init ] --START--
INFO: Run Behavior\BuildLiteBehavior [ RunTime:0.000011s ]
INFO: [ app_init ] --END-- [ RunTime:0.000066s ]
SQL: SHOW COLUMNS FROM `wemall_info` [ RunTime:0.0007s ]
SQL: SELECT * FROM `wemall_info` LIMIT 1   [ RunTime:0.0007s ]
INFO: [ app_begin ] --START--
INFO: Run Behavior\ReadHtmlCacheBehavior [ RunTime:0.000480s ]
INFO: [ app_begin ] --END-- [ RunTime:0.000533s ]
NOTIC: [8] Use of undefined constant value - assumed 'value' /Users/leif/web/wemall/Application/App/Controller/IndexController.class.php 第 60 行.
NOTIC: [8] Use of undefined constant value - assumed 'value' /Users/leif/web/wemall/Application/App/Controller/IndexController.class.php 第 61 行.
NOTIC: [8] Use of undefined constant value - assumed 'value' /Users/leif/web/wemall/Application/App/Controller/IndexController.class.php 第 62 行.
NOTIC: [8] Use of undefined constant value - assumed 'value' /Users/leif/web/wemall/Application/App/Controller/IndexController.class.php 第 63 行.
NOTIC: [8] Use of undefined constant value - assumed 'value' /Users/leif/web/wemall/Application/App/Controller/IndexController.class.php 第 64 行.
SQL: SHOW COLUMNS FROM `wemall_user` [ RunTime:0.0009s ]
SQL: SELECT * FROM `wemall_user` WHERE `uid` = '' LIMIT 1   [ RunTime:0.0010s ]
SQL: UPDATE `wemall_user` SET `username`='',`phone`='',`address`='' WHERE `id` = 2 [ RunTime:0.0006s ]
SQL: SHOW COLUMNS FROM `wemall_order` [ RunTime:0.0008s ]
SQL: INSERT INTO `wemall_order` (`orderid`,`totalprice`,`pay_style`,`pay_status`,`note`,`order_status`,`time`,`cartdata`,`user_id`) VALUES ('1703260837487','0.10','货到付款','0','','0','2017/03/26 20:37:48','[{&quot;name&quot;:&quot;撸妹&quot;,&quot;num&quot;:&quot;1&quot;,&quot;price&quot;:&quot;0.1&quot;}]','2') [ RunTime:0.0028s ]
SQL: SHOW COLUMNS FROM `wemall_wxconfig` [ RunTime:0.0015s ]
SQL: SELECT * FROM `wemall_wxconfig` LIMIT 1   [ RunTime:0.0005s ]
INFO: [ app_end ] --START--
INFO: Run Behavior\ShowPageTraceBehavior [ RunTime:0.004555s ]
INFO: [ app_end ] --END-- [ RunTime:0.004609s ]

[ 2017-03-26T20:37:48+08:00 ] 127.0.0.1 /wemall/index.php/App/Index/getorders
INFO: [ app_init ] --START--
INFO: Run Behavior\BuildLiteBehavior [ RunTime:0.000019s ]
INFO: [ app_init ] --END-- [ RunTime:0.000118s ]
SQL: SHOW COLUMNS FROM `wemall_info` [ RunTime:0.0004s ]
SQL: SELECT * FROM `wemall_info` LIMIT 1   [ RunTime:0.0002s ]
INFO: [ app_begin ] --START--
INFO: Run Behavior\ReadHtmlCacheBehavior [ RunTime:0.000369s ]
INFO: [ app_begin ] --END-- [ RunTime:0.000404s ]
SQL: SHOW COLUMNS FROM `wemall_user` [ RunTime:0.0004s ]
SQL: SELECT * FROM `wemall_user` WHERE `uid` = '' LIMIT 1   [ RunTime:0.0005s ]
SQL: SHOW COLUMNS FROM `wemall_order` [ RunTime:0.0005s ]
SQL: SELECT * FROM `wemall_order` WHERE `user_id` = 2 ORDER BY id desc  [ RunTime:0.0003s ]

[ 2017-03-26T20:37:52+08:00 ] 127.0.0.1 /wemall/index.php/App/Index/getorders
INFO: [ app_init ] --START--
INFO: Run Behavior\BuildLiteBehavior [ RunTime:0.000011s ]
INFO: [ app_init ] --END-- [ RunTime:0.000053s ]
SQL: SHOW COLUMNS FROM `wemall_info` [ RunTime:0.0011s ]
SQL: SELECT * FROM `wemall_info` LIMIT 1   [ RunTime:0.0004s ]
INFO: [ app_begin ] --START--
INFO: Run Behavior\ReadHtmlCacheBehavior [ RunTime:0.000686s ]
INFO: [ app_begin ] --END-- [ RunTime:0.000745s ]
SQL: SHOW COLUMNS FROM `wemall_user` [ RunTime:0.0006s ]
SQL: SELECT * FROM `wemall_user` WHERE `uid` = '' LIMIT 1   [ RunTime:0.0005s ]
SQL: SHOW COLUMNS FROM `wemall_order` [ RunTime:0.0008s ]
SQL: SELECT * FROM `wemall_order` WHERE `user_id` = 2 ORDER BY id desc  [ RunTime:0.0007s ]

[ 2017-03-26T20:38:41+08:00 ] 127.0.0.1 /wemall/index.php/App/Index/addorder
INFO: [ app_init ] --START--
INFO: Run Behavior\BuildLiteBehavior [ RunTime:0.000011s ]
INFO: [ app_init ] --END-- [ RunTime:0.000111s ]
SQL: SHOW COLUMNS FROM `wemall_info` [ RunTime:0.0007s ]
SQL: SELECT * FROM `wemall_info` LIMIT 1   [ RunTime:0.0004s ]
INFO: [ app_begin ] --START--
INFO: Run Behavior\ReadHtmlCacheBehavior [ RunTime:0.000711s ]
INFO: [ app_begin ] --END-- [ RunTime:0.000805s ]
NOTIC: [8] Use of undefined constant value - assumed 'value' /Users/leif/web/wemall/Application/App/Controller/IndexController.class.php 第 60 行.
NOTIC: [8] Use of undefined constant value - assumed 'value' /Users/leif/web/wemall/Application/App/Controller/IndexController.class.php 第 61 行.
NOTIC: [8] Use of undefined constant value - assumed 'value' /Users/leif/web/wemall/Application/App/Controller/IndexController.class.php 第 62 行.
NOTIC: [8] Use of undefined constant value - assumed 'value' /Users/leif/web/wemall/Application/App/Controller/IndexController.class.php 第 63 行.
NOTIC: [8] Use of undefined constant value - assumed 'value' /Users/leif/web/wemall/Application/App/Controller/IndexController.class.php 第 64 行.
SQL: SHOW COLUMNS FROM `wemall_user` [ RunTime:0.0008s ]
SQL: SELECT * FROM `wemall_user` WHERE `uid` = '' LIMIT 1   [ RunTime:0.0003s ]
SQL: UPDATE `wemall_user` SET `username`='',`phone`='',`address`='' WHERE `id` = 2 [ RunTime:0.0002s ]
SQL: SHOW COLUMNS FROM `wemall_order` [ RunTime:0.0005s ]
SQL: INSERT INTO `wemall_order` (`orderid`,`totalprice`,`pay_style`,`pay_status`,`note`,`order_status`,`time`,`cartdata`,`user_id`) VALUES ('1703260838418','0','微信支付','0','','0','2017/03/26 20:38:41','[]','2') [ RunTime:0.0019s ]
SQL: SHOW COLUMNS FROM `wemall_wxconfig` [ RunTime:0.0007s ]
SQL: SELECT * FROM `wemall_wxconfig` LIMIT 1   [ RunTime:0.0002s ]
INFO: [ app_end ] --START--
INFO: Run Behavior\ShowPageTraceBehavior [ RunTime:0.000590s ]
INFO: [ app_end ] --END-- [ RunTime:0.000628s ]

[ 2017-03-26T20:38:41+08:00 ] 127.0.0.1 /wemall/index.php/App/Index/getorders
INFO: [ app_init ] --START--
INFO: Run Behavior\BuildLiteBehavior [ RunTime:0.000010s ]
INFO: [ app_init ] --END-- [ RunTime:0.000052s ]
SQL: SHOW COLUMNS FROM `wemall_info` [ RunTime:0.0006s ]
SQL: SELECT * FROM `wemall_info` LIMIT 1   [ RunTime:0.0002s ]
INFO: [ app_begin ] --START--
INFO: Run Behavior\ReadHtmlCacheBehavior [ RunTime:0.000546s ]
INFO: [ app_begin ] --END-- [ RunTime:0.000615s ]
SQL: SHOW COLUMNS FROM `wemall_user` [ RunTime:0.0005s ]
SQL: SELECT * FROM `wemall_user` WHERE `uid` = '' LIMIT 1   [ RunTime:0.0003s ]
SQL: SHOW COLUMNS FROM `wemall_order` [ RunTime:0.0005s ]
SQL: SELECT * FROM `wemall_order` WHERE `user_id` = 2 ORDER BY id desc  [ RunTime:0.0004s ]

[ 2017-03-26T21:37:03+08:00 ] 127.0.0.1 /wemall/index.php?m=App&c=Index&a=index&uid=1
INFO: [ app_init ] --START--
INFO: Run Behavior\BuildLiteBehavior [ RunTime:0.000014s ]
INFO: [ app_init ] --END-- [ RunTime:0.000073s ]
SQL: SHOW COLUMNS FROM `wemall_info` [ RunTime:0.0022s ]
SQL: SELECT * FROM `wemall_info` LIMIT 1   [ RunTime:0.0004s ]
INFO: [ app_begin ] --START--
INFO: Run Behavior\ReadHtmlCacheBehavior [ RunTime:0.000497s ]
INFO: [ app_begin ] --END-- [ RunTime:0.000566s ]
SQL: SELECT * FROM `wemall_info` LIMIT 1   [ RunTime:0.0004s ]
SQL: SHOW COLUMNS FROM `wemall_menu` [ RunTime:0.0015s ]
SQL: SELECT * FROM `wemall_menu`  [ RunTime:0.0003s ]
SQL: SHOW COLUMNS FROM `wemall_good` [ RunTime:0.0019s ]
SQL: SELECT * FROM `wemall_good`  [ RunTime:0.0004s ]
SQL: SHOW COLUMNS FROM `wemall_user` [ RunTime:0.0011s ]
SQL: SELECT * FROM `wemall_user` WHERE `uid` = '1' LIMIT 1   [ RunTime:0.0005s ]
SQL: SHOW COLUMNS FROM `wemall_alipay` [ RunTime:0.0006s ]
SQL: SELECT * FROM `wemall_alipay` LIMIT 1   [ RunTime:0.0002s ]
INFO: [ view_parse ] --START--
INFO: [ template_filter ] --START--
INFO: Run Behavior\ContentReplaceBehavior [ RunTime:0.000090s ]
INFO: [ template_filter ] --END-- [ RunTime:0.000198s ]
INFO: Run Behavior\ParseTemplateBehavior [ RunTime:0.010874s ]
INFO: [ view_parse ] --END-- [ RunTime:0.010941s ]
INFO: [ view_filter ] --START--
INFO: Run Behavior\WriteHtmlCacheBehavior [ RunTime:0.000175s ]
INFO: [ view_filter ] --END-- [ RunTime:0.000206s ]
INFO: [ app_end ] --START--
INFO: Run Behavior\ShowPageTraceBehavior [ RunTime:0.000952s ]
INFO: [ app_end ] --END-- [ RunTime:0.000994s ]

[ 2017-03-26T21:37:25+08:00 ] 127.0.0.1 /wemall/index.php?m=App&c=Index&a=index&uid=1
INFO: [ app_init ] --START--
INFO: Run Behavior\BuildLiteBehavior [ RunTime:0.000014s ]
INFO: [ app_init ] --END-- [ RunTime:0.000079s ]
SQL: SHOW COLUMNS FROM `wemall_info` [ RunTime:0.0007s ]
SQL: SELECT * FROM `wemall_info` LIMIT 1   [ RunTime:0.0003s ]
INFO: [ app_begin ] --START--
INFO: Run Behavior\ReadHtmlCacheBehavior [ RunTime:0.000645s ]
INFO: [ app_begin ] --END-- [ RunTime:0.000734s ]
SQL: SELECT * FROM `wemall_info` LIMIT 1   [ RunTime:0.0006s ]
SQL: SHOW COLUMNS FROM `wemall_menu` [ RunTime:0.0010s ]
SQL: SELECT * FROM `wemall_menu`  [ RunTime:0.0003s ]
SQL: SHOW COLUMNS FROM `wemall_good` [ RunTime:0.0023s ]
SQL: SELECT * FROM `wemall_good`  [ RunTime:0.0006s ]
SQL: SHOW COLUMNS FROM `wemall_user` [ RunTime:0.0009s ]
SQL: SELECT * FROM `wemall_user` WHERE `uid` = '1' LIMIT 1   [ RunTime:0.0004s ]
SQL: SHOW COLUMNS FROM `wemall_alipay` [ RunTime:0.0006s ]
SQL: SELECT * FROM `wemall_alipay` LIMIT 1   [ RunTime:0.0003s ]
INFO: [ view_parse ] --START--
INFO: [ template_filter ] --START--
INFO: Run Behavior\ContentReplaceBehavior [ RunTime:0.000154s ]
INFO: [ template_filter ] --END-- [ RunTime:0.000219s ]
INFO: Run Behavior\ParseTemplateBehavior [ RunTime:0.014911s ]
INFO: [ view_parse ] --END-- [ RunTime:0.014988s ]
INFO: [ view_filter ] --START--
INFO: Run Behavior\WriteHtmlCacheBehavior [ RunTime:0.000231s ]
INFO: [ view_filter ] --END-- [ RunTime:0.000311s ]
INFO: [ app_end ] --START--
INFO: Run Behavior\ShowPageTraceBehavior [ RunTime:0.001070s ]
INFO: [ app_end ] --END-- [ RunTime:0.001128s ]

[ 2017-03-26T21:37:29+08:00 ] 127.0.0.1 /wemall/index.php?m=App&c=Index&a=index
INFO: [ app_init ] --START--
INFO: Run Behavior\BuildLiteBehavior [ RunTime:0.000010s ]
INFO: [ app_init ] --END-- [ RunTime:0.000084s ]
SQL: SHOW COLUMNS FROM `wemall_info` [ RunTime:0.0008s ]
SQL: SELECT * FROM `wemall_info` LIMIT 1   [ RunTime:0.0003s ]
INFO: [ app_begin ] --START--
INFO: Run Behavior\ReadHtmlCacheBehavior [ RunTime:0.000526s ]
INFO: [ app_begin ] --END-- [ RunTime:0.000594s ]
SQL: SELECT * FROM `wemall_info` LIMIT 1   [ RunTime:0.0002s ]
SQL: SHOW COLUMNS FROM `wemall_menu` [ RunTime:0.0006s ]
SQL: SELECT * FROM `wemall_menu`  [ RunTime:0.0003s ]
SQL: SHOW COLUMNS FROM `wemall_good` [ RunTime:0.0006s ]
SQL: SELECT * FROM `wemall_good`  [ RunTime:0.0004s ]
SQL: SHOW COLUMNS FROM `wemall_user` [ RunTime:0.0005s ]
SQL: SELECT * FROM `wemall_user` WHERE `uid` = '' LIMIT 1   [ RunTime:0.0004s ]
SQL: SHOW COLUMNS FROM `wemall_alipay` [ RunTime:0.0005s ]
SQL: SELECT * FROM `wemall_alipay` LIMIT 1   [ RunTime:0.0002s ]
INFO: [ view_parse ] --START--
INFO: [ template_filter ] --START--
INFO: Run Behavior\ContentReplaceBehavior [ RunTime:0.000199s ]
INFO: [ template_filter ] --END-- [ RunTime:0.000249s ]
INFO: Run Behavior\ParseTemplateBehavior [ RunTime:0.011450s ]
INFO: [ view_parse ] --END-- [ RunTime:0.011507s ]
INFO: [ view_filter ] --START--
INFO: Run Behavior\WriteHtmlCacheBehavior [ RunTime:0.000173s ]
INFO: [ view_filter ] --END-- [ RunTime:0.000222s ]
INFO: [ app_end ] --START--
INFO: Run Behavior\ShowPageTraceBehavior [ RunTime:0.001040s ]
INFO: [ app_end ] --END-- [ RunTime:0.001164s ]

[ 2017-03-26T21:40:17+08:00 ] 127.0.0.1 /wemall/index.php/App/Index/getorders
INFO: [ app_init ] --START--
INFO: Run Behavior\BuildLiteBehavior [ RunTime:0.000014s ]
INFO: [ app_init ] --END-- [ RunTime:0.000084s ]
SQL: SHOW COLUMNS FROM `wemall_info` [ RunTime:0.0006s ]
SQL: SELECT * FROM `wemall_info` LIMIT 1   [ RunTime:0.0002s ]
INFO: [ app_begin ] --START--
INFO: Run Behavior\ReadHtmlCacheBehavior [ RunTime:0.001010s ]
INFO: [ app_begin ] --END-- [ RunTime:0.001086s ]
SQL: SHOW COLUMNS FROM `wemall_user` [ RunTime:0.0006s ]
SQL: SELECT * FROM `wemall_user` WHERE `uid` = '' LIMIT 1   [ RunTime:0.0003s ]
SQL: SHOW COLUMNS FROM `wemall_order` [ RunTime:0.0006s ]
SQL: SELECT * FROM `wemall_order` WHERE `user_id` = 2 ORDER BY id desc  [ RunTime:0.0003s ]

[ 2017-03-26T22:01:02+08:00 ] 127.0.0.1 /wemall/index.php?m=App&c=Index&a=index&uid=1
INFO: [ app_init ] --START--
INFO: Run Behavior\BuildLiteBehavior [ RunTime:0.000013s ]
INFO: [ app_init ] --END-- [ RunTime:0.000074s ]
SQL: SHOW COLUMNS FROM `wemall_info` [ RunTime:0.0005s ]
SQL: SELECT * FROM `wemall_info` LIMIT 1   [ RunTime:0.0002s ]
INFO: [ app_begin ] --START--
INFO: Run Behavior\ReadHtmlCacheBehavior [ RunTime:0.000386s ]
INFO: [ app_begin ] --END-- [ RunTime:0.000426s ]
SQL: SELECT * FROM `wemall_info` LIMIT 1   [ RunTime:0.0003s ]
SQL: SHOW COLUMNS FROM `wemall_menu` [ RunTime:0.0010s ]
SQL: SELECT * FROM `wemall_menu`  [ RunTime:0.0003s ]
SQL: SHOW COLUMNS FROM `wemall_good` [ RunTime:0.0005s ]
SQL: SELECT * FROM `wemall_good`  [ RunTime:0.0003s ]
SQL: SHOW COLUMNS FROM `wemall_user` [ RunTime:0.0005s ]
SQL: SELECT * FROM `wemall_user` WHERE `uid` = '1' LIMIT 1   [ RunTime:0.0003s ]
SQL: SHOW COLUMNS FROM `wemall_alipay` [ RunTime:0.0004s ]
SQL: SELECT * FROM `wemall_alipay` LIMIT 1   [ RunTime:0.0002s ]
INFO: [ view_parse ] --START--
INFO: [ template_filter ] --START--
INFO: Run Behavior\ContentReplaceBehavior [ RunTime:0.000093s ]
INFO: [ template_filter ] --END-- [ RunTime:0.000154s ]
INFO: Run Behavior\ParseTemplateBehavior [ RunTime:0.013518s ]
INFO: [ view_parse ] --END-- [ RunTime:0.013587s ]
INFO: [ view_filter ] --START--
INFO: Run Behavior\WriteHtmlCacheBehavior [ RunTime:0.000213s ]
INFO: [ view_filter ] --END-- [ RunTime:0.000271s ]
INFO: [ app_end ] --START--
INFO: Run Behavior\ShowPageTraceBehavior [ RunTime:0.000989s ]
INFO: [ app_end ] --END-- [ RunTime:0.001092s ]

[ 2017-03-26T22:01:04+08:00 ] 127.0.0.1 /wemall/index.php?m=App&c=Index&a=index
INFO: [ app_init ] --START--
INFO: Run Behavior\BuildLiteBehavior [ RunTime:0.000009s ]
INFO: [ app_init ] --END-- [ RunTime:0.000048s ]
SQL: SHOW COLUMNS FROM `wemall_info` [ RunTime:0.0009s ]
SQL: SELECT * FROM `wemall_info` LIMIT 1   [ RunTime:0.0004s ]
INFO: [ app_begin ] --START--
INFO: Run Behavior\ReadHtmlCacheBehavior [ RunTime:0.000494s ]
INFO: [ app_begin ] --END-- [ RunTime:0.000537s ]
SQL: SELECT * FROM `wemall_info` LIMIT 1   [ RunTime:0.0003s ]
SQL: SHOW COLUMNS FROM `wemall_menu` [ RunTime:0.0005s ]
SQL: SELECT * FROM `wemall_menu`  [ RunTime:0.0003s ]
SQL: SHOW COLUMNS FROM `wemall_good` [ RunTime:0.0006s ]
SQL: SELECT * FROM `wemall_good`  [ RunTime:0.0003s ]
SQL: SHOW COLUMNS FROM `wemall_user` [ RunTime:0.0005s ]
SQL: SELECT * FROM `wemall_user` WHERE `uid` = '' LIMIT 1   [ RunTime:0.0003s ]
SQL: SHOW COLUMNS FROM `wemall_alipay` [ RunTime:0.0006s ]
SQL: SELECT * FROM `wemall_alipay` LIMIT 1   [ RunTime:0.0004s ]
INFO: [ view_parse ] --START--
INFO: [ template_filter ] --START--
INFO: Run Behavior\ContentReplaceBehavior [ RunTime:0.000075s ]
INFO: [ template_filter ] --END-- [ RunTime:0.000116s ]
INFO: Run Behavior\ParseTemplateBehavior [ RunTime:0.008305s ]
INFO: [ view_parse ] --END-- [ RunTime:0.008343s ]
INFO: [ view_filter ] --START--
INFO: Run Behavior\WriteHtmlCacheBehavior [ RunTime:0.000132s ]
INFO: [ view_filter ] --END-- [ RunTime:0.000173s ]
INFO: [ app_end ] --START--
INFO: Run Behavior\ShowPageTraceBehavior [ RunTime:0.000849s ]
INFO: [ app_end ] --END-- [ RunTime:0.000889s ]

[ 2017-03-26T22:21:34+08:00 ] 127.0.0.1 /wemall/index.php?m=App&c=Index&a=index&uid=1
INFO: [ app_init ] --START--
INFO: Run Behavior\BuildLiteBehavior [ RunTime:0.000010s ]
INFO: [ app_init ] --END-- [ RunTime:0.000061s ]
SQL: SHOW COLUMNS FROM `wemall_info` [ RunTime:0.0005s ]
SQL: SELECT * FROM `wemall_info` LIMIT 1   [ RunTime:0.0002s ]
INFO: [ app_begin ] --START--
INFO: Run Behavior\ReadHtmlCacheBehavior [ RunTime:0.000623s ]
INFO: [ app_begin ] --END-- [ RunTime:0.000800s ]
SQL: SELECT * FROM `wemall_info` LIMIT 1   [ RunTime:0.0003s ]
SQL: SHOW COLUMNS FROM `wemall_menu` [ RunTime:0.0009s ]
SQL: SELECT * FROM `wemall_menu`  [ RunTime:0.0002s ]
SQL: SHOW COLUMNS FROM `wemall_good` [ RunTime:0.0005s ]
SQL: SELECT * FROM `wemall_good`  [ RunTime:0.0002s ]
SQL: SHOW COLUMNS FROM `wemall_user` [ RunTime:0.0004s ]
SQL: SELECT * FROM `wemall_user` WHERE `uid` = '1' LIMIT 1   [ RunTime:0.0002s ]
SQL: SHOW COLUMNS FROM `wemall_alipay` [ RunTime:0.0004s ]
SQL: SELECT * FROM `wemall_alipay` LIMIT 1   [ RunTime:0.0003s ]
INFO: [ view_parse ] --START--
INFO: [ template_filter ] --START--
INFO: Run Behavior\ContentReplaceBehavior [ RunTime:0.000186s ]
INFO: [ template_filter ] --END-- [ RunTime:0.000257s ]
INFO: Run Behavior\ParseTemplateBehavior [ RunTime:0.009889s ]
INFO: [ view_parse ] --END-- [ RunTime:0.009942s ]
INFO: [ view_filter ] --START--
INFO: Run Behavior\WriteHtmlCacheBehavior [ RunTime:0.000161s ]
INFO: [ view_filter ] --END-- [ RunTime:0.000190s ]
INFO: [ app_end ] --START--
INFO: Run Behavior\ShowPageTraceBehavior [ RunTime:0.000533s ]
INFO: [ app_end ] --END-- [ RunTime:0.000570s ]

[ 2017-03-26T22:21:39+08:00 ] 127.0.0.1 /wemall/index.php?m=App&c=Index&a=index&uid=1
INFO: [ app_init ] --START--
INFO: Run Behavior\BuildLiteBehavior [ RunTime:0.000014s ]
INFO: [ app_init ] --END-- [ RunTime:0.000068s ]
SQL: SHOW COLUMNS FROM `wemall_info` [ RunTime:0.0005s ]
SQL: SELECT * FROM `wemall_info` LIMIT 1   [ RunTime:0.0004s ]
INFO: [ app_begin ] --START--
INFO: Run Behavior\ReadHtmlCacheBehavior [ RunTime:0.000642s ]
INFO: [ app_begin ] --END-- [ RunTime:0.000709s ]
SQL: SELECT * FROM `wemall_info` LIMIT 1   [ RunTime:0.0003s ]
SQL: SHOW COLUMNS FROM `wemall_menu` [ RunTime:0.0008s ]
SQL: SELECT * FROM `wemall_menu`  [ RunTime:0.0002s ]
SQL: SHOW COLUMNS FROM `wemall_good` [ RunTime:0.0005s ]
SQL: SELECT * FROM `wemall_good`  [ RunTime:0.0002s ]
SQL: SHOW COLUMNS FROM `wemall_user` [ RunTime:0.0004s ]
SQL: SELECT * FROM `wemall_user` WHERE `uid` = '1' LIMIT 1   [ RunTime:0.0002s ]
SQL: SHOW COLUMNS FROM `wemall_alipay` [ RunTime:0.0004s ]
SQL: SELECT * FROM `wemall_alipay` LIMIT 1   [ RunTime:0.0002s ]
INFO: [ view_parse ] --START--
INFO: [ template_filter ] --START--
INFO: Run Behavior\ContentReplaceBehavior [ RunTime:0.000076s ]
INFO: [ template_filter ] --END-- [ RunTime:0.000131s ]
INFO: Run Behavior\ParseTemplateBehavior [ RunTime:0.009876s ]
INFO: [ view_parse ] --END-- [ RunTime:0.009929s ]
INFO: [ view_filter ] --START--
INFO: Run Behavior\WriteHtmlCacheBehavior [ RunTime:0.000232s ]
INFO: [ view_filter ] --END-- [ RunTime:0.000281s ]
INFO: [ app_end ] --START--
INFO: Run Behavior\ShowPageTraceBehavior [ RunTime:0.000864s ]
INFO: [ app_end ] --END-- [ RunTime:0.000962s ]

[ 2017-03-26T22:22:43+08:00 ] 127.0.0.1 /wemall/index.php?m=App&c=Index&a=index&uid=1
INFO: [ app_init ] --START--
INFO: Run Behavior\BuildLiteBehavior [ RunTime:0.000014s ]
INFO: [ app_init ] --END-- [ RunTime:0.000077s ]
SQL: SHOW COLUMNS FROM `wemall_info` [ RunTime:0.0005s ]
SQL: SELECT * FROM `wemall_info` LIMIT 1   [ RunTime:0.0002s ]
INFO: [ app_begin ] --START--
INFO: Run Behavior\ReadHtmlCacheBehavior [ RunTime:0.000394s ]
INFO: [ app_begin ] --END-- [ RunTime:0.000437s ]
SQL: SELECT * FROM `wemall_info` LIMIT 1   [ RunTime:0.0003s ]
SQL: SHOW COLUMNS FROM `wemall_menu` [ RunTime:0.0008s ]
SQL: SELECT * FROM `wemall_menu`  [ RunTime:0.0002s ]
SQL: SHOW COLUMNS FROM `wemall_good` [ RunTime:0.0005s ]
SQL: SELECT * FROM `wemall_good`  [ RunTime:0.0003s ]
SQL: SHOW COLUMNS FROM `wemall_user` [ RunTime:0.0004s ]
SQL: SELECT * FROM `wemall_user` WHERE `uid` = '1' LIMIT 1   [ RunTime:0.0002s ]
SQL: SHOW COLUMNS FROM `wemall_alipay` [ RunTime:0.0004s ]
SQL: SELECT * FROM `wemall_alipay` LIMIT 1   [ RunTime:0.0002s ]
INFO: [ view_parse ] --START--
INFO: [ template_filter ] --START--
INFO: Run Behavior\ContentReplaceBehavior [ RunTime:0.000104s ]
INFO: [ template_filter ] --END-- [ RunTime:0.000153s ]
INFO: Run Behavior\ParseTemplateBehavior [ RunTime:0.010508s ]
INFO: [ view_parse ] --END-- [ RunTime:0.010549s ]
INFO: [ view_filter ] --START--
INFO: Run Behavior\WriteHtmlCacheBehavior [ RunTime:0.000151s ]
INFO: [ view_filter ] --END-- [ RunTime:0.000181s ]
INFO: [ app_end ] --START--
INFO: Run Behavior\ShowPageTraceBehavior [ RunTime:0.000916s ]
INFO: [ app_end ] --END-- [ RunTime:0.000961s ]

[ 2017-03-26T22:22:56+08:00 ] 127.0.0.1 /wemall/index.php?m=App&c=Index&a=index&uid=1
INFO: [ app_init ] --START--
INFO: Run Behavior\BuildLiteBehavior [ RunTime:0.000015s ]
INFO: [ app_init ] --END-- [ RunTime:0.000078s ]
SQL: SHOW COLUMNS FROM `wemall_info` [ RunTime:0.0006s ]
SQL: SELECT * FROM `wemall_info` LIMIT 1   [ RunTime:0.0003s ]
INFO: [ app_begin ] --START--
INFO: Run Behavior\ReadHtmlCacheBehavior [ RunTime:0.000383s ]
INFO: [ app_begin ] --END-- [ RunTime:0.000427s ]
SQL: SELECT * FROM `wemall_info` LIMIT 1   [ RunTime:0.0003s ]
SQL: SHOW COLUMNS FROM `wemall_menu` [ RunTime:0.0014s ]
SQL: SELECT * FROM `wemall_menu`  [ RunTime:0.0004s ]
SQL: SHOW COLUMNS FROM `wemall_good` [ RunTime:0.0007s ]
SQL: SELECT * FROM `wemall_good`  [ RunTime:0.0003s ]
SQL: SHOW COLUMNS FROM `wemall_user` [ RunTime:0.0004s ]
SQL: SELECT * FROM `wemall_user` WHERE `uid` = '1' LIMIT 1   [ RunTime:0.0002s ]
SQL: SHOW COLUMNS FROM `wemall_alipay` [ RunTime:0.0004s ]
SQL: SELECT * FROM `wemall_alipay` LIMIT 1   [ RunTime:0.0002s ]
INFO: [ view_parse ] --START--
INFO: [ template_filter ] --START--
INFO: Run Behavior\ContentReplaceBehavior [ RunTime:0.000073s ]
INFO: [ template_filter ] --END-- [ RunTime:0.000119s ]
INFO: Run Behavior\ParseTemplateBehavior [ RunTime:0.008945s ]
INFO: [ view_parse ] --END-- [ RunTime:0.008996s ]
INFO: [ view_filter ] --START--
INFO: Run Behavior\WriteHtmlCacheBehavior [ RunTime:0.000151s ]
INFO: [ view_filter ] --END-- [ RunTime:0.000180s ]
INFO: [ app_end ] --START--
INFO: Run Behavior\ShowPageTraceBehavior [ RunTime:0.000849s ]
INFO: [ app_end ] --END-- [ RunTime:0.000934s ]

[ 2017-03-26T22:22:58+08:00 ] 127.0.0.1 /wemall/index.php?m=App&c=Index&a=index&uid=1
INFO: [ app_init ] --START--
INFO: Run Behavior\BuildLiteBehavior [ RunTime:0.000015s ]
INFO: [ app_init ] --END-- [ RunTime:0.000085s ]
SQL: SHOW COLUMNS FROM `wemall_info` [ RunTime:0.0010s ]
SQL: SELECT * FROM `wemall_info` LIMIT 1   [ RunTime:0.0003s ]
INFO: [ app_begin ] --START--
INFO: Run Behavior\ReadHtmlCacheBehavior [ RunTime:0.000557s ]
INFO: [ app_begin ] --END-- [ RunTime:0.000618s ]
SQL: SELECT * FROM `wemall_info` LIMIT 1   [ RunTime:0.0003s ]
SQL: SHOW COLUMNS FROM `wemall_menu` [ RunTime:0.0008s ]
SQL: SELECT * FROM `wemall_menu`  [ RunTime:0.0002s ]
SQL: SHOW COLUMNS FROM `wemall_good` [ RunTime:0.0005s ]
SQL: SELECT * FROM `wemall_good`  [ RunTime:0.0002s ]
SQL: SHOW COLUMNS FROM `wemall_user` [ RunTime:0.0004s ]
SQL: SELECT * FROM `wemall_user` WHERE `uid` = '1' LIMIT 1   [ RunTime:0.0002s ]
SQL: SHOW COLUMNS FROM `wemall_alipay` [ RunTime:0.0003s ]
SQL: SELECT * FROM `wemall_alipay` LIMIT 1   [ RunTime:0.0002s ]
INFO: [ view_parse ] --START--
INFO: [ template_filter ] --START--
INFO: Run Behavior\ContentReplaceBehavior [ RunTime:0.000202s ]
INFO: [ template_filter ] --END-- [ RunTime:0.000275s ]
INFO: Run Behavior\ParseTemplateBehavior [ RunTime:0.009264s ]
INFO: [ view_parse ] --END-- [ RunTime:0.009306s ]
INFO: [ view_filter ] --START--
INFO: Run Behavior\WriteHtmlCacheBehavior [ RunTime:0.000154s ]
INFO: [ view_filter ] --END-- [ RunTime:0.000184s ]
INFO: [ app_end ] --START--
INFO: Run Behavior\ShowPageTraceBehavior [ RunTime:0.000850s ]
INFO: [ app_end ] --END-- [ RunTime:0.000914s ]

[ 2017-03-26T22:23:32+08:00 ] 127.0.0.1 /wemall/index.php?m=App&c=Index&a=index&uid=1
INFO: [ app_init ] --START--
INFO: Run Behavior\BuildLiteBehavior [ RunTime:0.000015s ]
INFO: [ app_init ] --END-- [ RunTime:0.000081s ]
SQL: SHOW COLUMNS FROM `wemall_info` [ RunTime:0.0006s ]
SQL: SELECT * FROM `wemall_info` LIMIT 1   [ RunTime:0.0002s ]
INFO: [ app_begin ] --START--
INFO: Run Behavior\ReadHtmlCacheBehavior [ RunTime:0.000536s ]
INFO: [ app_begin ] --END-- [ RunTime:0.000586s ]
SQL: SELECT * FROM `wemall_info` LIMIT 1   [ RunTime:0.0004s ]
SQL: SHOW COLUMNS FROM `wemall_menu` [ RunTime:0.0004s ]
SQL: SELECT * FROM `wemall_menu`  [ RunTime:0.0003s ]
SQL: SHOW COLUMNS FROM `wemall_good` [ RunTime:0.0007s ]
SQL: SELECT * FROM `wemall_good`  [ RunTime:0.0002s ]
SQL: SHOW COLUMNS FROM `wemall_user` [ RunTime:0.0004s ]
SQL: SELECT * FROM `wemall_user` WHERE `uid` = '1' LIMIT 1   [ RunTime:0.0002s ]
SQL: SHOW COLUMNS FROM `wemall_alipay` [ RunTime:0.0003s ]
SQL: SELECT * FROM `wemall_alipay` LIMIT 1   [ RunTime:0.0002s ]
INFO: [ view_parse ] --START--
INFO: [ template_filter ] --START--
INFO: Run Behavior\ContentReplaceBehavior [ RunTime:0.000075s ]
INFO: [ template_filter ] --END-- [ RunTime:0.000123s ]
INFO: Run Behavior\ParseTemplateBehavior [ RunTime:0.008664s ]
INFO: [ view_parse ] --END-- [ RunTime:0.008706s ]
INFO: [ view_filter ] --START--
INFO: Run Behavior\WriteHtmlCacheBehavior [ RunTime:0.000155s ]
INFO: [ view_filter ] --END-- [ RunTime:0.000185s ]
INFO: [ app_end ] --START--
INFO: Run Behavior\ShowPageTraceBehavior [ RunTime:0.000819s ]
INFO: [ app_end ] --END-- [ RunTime:0.000872s ]

[ 2017-03-26T22:23:35+08:00 ] 127.0.0.1 /wemall/index.php?m=App&c=Index&a=index&uid=1
INFO: [ app_init ] --START--
INFO: Run Behavior\BuildLiteBehavior [ RunTime:0.000016s ]
INFO: [ app_init ] --END-- [ RunTime:0.000084s ]
SQL: SHOW COLUMNS FROM `wemall_info` [ RunTime:0.0006s ]
SQL: SELECT * FROM `wemall_info` LIMIT 1   [ RunTime:0.0003s ]
INFO: [ app_begin ] --START--
INFO: Run Behavior\ReadHtmlCacheBehavior [ RunTime:0.000576s ]
INFO: [ app_begin ] --END-- [ RunTime:0.000640s ]
SQL: SELECT * FROM `wemall_info` LIMIT 1   [ RunTime:0.0003s ]
SQL: SHOW COLUMNS FROM `wemall_menu` [ RunTime:0.0007s ]
SQL: SELECT * FROM `wemall_menu`  [ RunTime:0.0002s ]
SQL: SHOW COLUMNS FROM `wemall_good` [ RunTime:0.0004s ]
SQL: SELECT * FROM `wemall_good`  [ RunTime:0.0003s ]
SQL: SHOW COLUMNS FROM `wemall_user` [ RunTime:0.0006s ]
SQL: SELECT * FROM `wemall_user` WHERE `uid` = '1' LIMIT 1   [ RunTime:0.0002s ]
SQL: SHOW COLUMNS FROM `wemall_alipay` [ RunTime:0.0003s ]
SQL: SELECT * FROM `wemall_alipay` LIMIT 1   [ RunTime:0.0002s ]
INFO: [ view_parse ] --START--
INFO: [ template_filter ] --START--
INFO: Run Behavior\ContentReplaceBehavior [ RunTime:0.000075s ]
INFO: [ template_filter ] --END-- [ RunTime:0.000135s ]
INFO: Run Behavior\ParseTemplateBehavior [ RunTime:0.011357s ]
INFO: [ view_parse ] --END-- [ RunTime:0.011395s ]
INFO: [ view_filter ] --START--
INFO: Run Behavior\WriteHtmlCacheBehavior [ RunTime:0.000152s ]
INFO: [ view_filter ] --END-- [ RunTime:0.000181s ]
INFO: [ app_end ] --START--
INFO: Run Behavior\ShowPageTraceBehavior [ RunTime:0.000862s ]
INFO: [ app_end ] --END-- [ RunTime:0.000909s ]

[ 2017-03-26T22:23:36+08:00 ] 127.0.0.1 /wemall/index.php?m=App&c=Index&a=index&uid=1
INFO: [ app_init ] --START--
INFO: Run Behavior\BuildLiteBehavior [ RunTime:0.000014s ]
INFO: [ app_init ] --END-- [ RunTime:0.000075s ]
SQL: SHOW COLUMNS FROM `wemall_info` [ RunTime:0.0006s ]
SQL: SELECT * FROM `wemall_info` LIMIT 1   [ RunTime:0.0003s ]
INFO: [ app_begin ] --START--
INFO: Run Behavior\ReadHtmlCacheBehavior [ RunTime:0.000572s ]
INFO: [ app_begin ] --END-- [ RunTime:0.000664s ]
SQL: SELECT * FROM `wemall_info` LIMIT 1   [ RunTime:0.0003s ]
SQL: SHOW COLUMNS FROM `wemall_menu` [ RunTime:0.0005s ]
SQL: SELECT * FROM `wemall_menu`  [ RunTime:0.0007s ]
SQL: SHOW COLUMNS FROM `wemall_good` [ RunTime:0.0005s ]
SQL: SELECT * FROM `wemall_good`  [ RunTime:0.0003s ]
SQL: SHOW COLUMNS FROM `wemall_user` [ RunTime:0.0004s ]
SQL: SELECT * FROM `wemall_user` WHERE `uid` = '1' LIMIT 1   [ RunTime:0.0002s ]
SQL: SHOW COLUMNS FROM `wemall_alipay` [ RunTime:0.0003s ]
SQL: SELECT * FROM `wemall_alipay` LIMIT 1   [ RunTime:0.0002s ]
INFO: [ view_parse ] --START--
INFO: [ template_filter ] --START--
INFO: Run Behavior\ContentReplaceBehavior [ RunTime:0.000124s ]
INFO: [ template_filter ] --END-- [ RunTime:0.000195s ]
INFO: Run Behavior\ParseTemplateBehavior [ RunTime:0.009278s ]
INFO: [ view_parse ] --END-- [ RunTime:0.009324s ]
INFO: [ view_filter ] --START--
INFO: Run Behavior\WriteHtmlCacheBehavior [ RunTime:0.000152s ]
INFO: [ view_filter ] --END-- [ RunTime:0.000184s ]
INFO: [ app_end ] --START--
INFO: Run Behavior\ShowPageTraceBehavior [ RunTime:0.001011s ]
INFO: [ app_end ] --END-- [ RunTime:0.001057s ]

[ 2017-03-26T22:23:44+08:00 ] 127.0.0.1 /wemall/index.php?m=App&c=Index&a=index&uid=1
INFO: [ app_init ] --START--
INFO: Run Behavior\BuildLiteBehavior [ RunTime:0.000011s ]
INFO: [ app_init ] --END-- [ RunTime:0.000055s ]
SQL: SHOW COLUMNS FROM `wemall_info` [ RunTime:0.0006s ]
SQL: SELECT * FROM `wemall_info` LIMIT 1   [ RunTime:0.0003s ]
INFO: [ app_begin ] --START--
INFO: Run Behavior\ReadHtmlCacheBehavior [ RunTime:0.000563s ]
INFO: [ app_begin ] --END-- [ RunTime:0.000627s ]
SQL: SELECT * FROM `wemall_info` LIMIT 1   [ RunTime:0.0003s ]
SQL: SHOW COLUMNS FROM `wemall_menu` [ RunTime:0.0009s ]
SQL: SELECT * FROM `wemall_menu`  [ RunTime:0.0002s ]
SQL: SHOW COLUMNS FROM `wemall_good` [ RunTime:0.0005s ]
SQL: SELECT * FROM `wemall_good`  [ RunTime:0.0002s ]
SQL: SHOW COLUMNS FROM `wemall_user` [ RunTime:0.0004s ]
SQL: SELECT * FROM `wemall_user` WHERE `uid` = '1' LIMIT 1   [ RunTime:0.0002s ]
SQL: SHOW COLUMNS FROM `wemall_alipay` [ RunTime:0.0005s ]
SQL: SELECT * FROM `wemall_alipay` LIMIT 1   [ RunTime:0.0002s ]
INFO: [ view_parse ] --START--
INFO: [ template_filter ] --START--
INFO: Run Behavior\ContentReplaceBehavior [ RunTime:0.000075s ]
INFO: [ template_filter ] --END-- [ RunTime:0.000120s ]
INFO: Run Behavior\ParseTemplateBehavior [ RunTime:0.009032s ]
INFO: [ view_parse ] --END-- [ RunTime:0.009083s ]
INFO: [ view_filter ] --START--
INFO: Run Behavior\WriteHtmlCacheBehavior [ RunTime:0.000149s ]
INFO: [ view_filter ] --END-- [ RunTime:0.000179s ]
INFO: [ app_end ] --START--
INFO: Run Behavior\ShowPageTraceBehavior [ RunTime:0.000814s ]
INFO: [ app_end ] --END-- [ RunTime:0.000857s ]

[ 2017-03-26T22:23:55+08:00 ] 127.0.0.1 /wemall/index.php?m=App&c=Index&a=index&uid=1
INFO: [ app_init ] --START--
INFO: Run Behavior\BuildLiteBehavior [ RunTime:0.000015s ]
INFO: [ app_init ] --END-- [ RunTime:0.000060s ]
SQL: SHOW COLUMNS FROM `wemall_info` [ RunTime:0.0005s ]
SQL: SELECT * FROM `wemall_info` LIMIT 1   [ RunTime:0.0003s ]
INFO: [ app_begin ] --START--
INFO: Run Behavior\ReadHtmlCacheBehavior [ RunTime:0.000384s ]
INFO: [ app_begin ] --END-- [ RunTime:0.000424s ]
SQL: SELECT * FROM `wemall_info` LIMIT 1   [ RunTime:0.0003s ]
SQL: SHOW COLUMNS FROM `wemall_menu` [ RunTime:0.0008s ]
SQL: SELECT * FROM `wemall_menu`  [ RunTime:0.0002s ]
SQL: SHOW COLUMNS FROM `wemall_good` [ RunTime:0.0005s ]
SQL: SELECT * FROM `wemall_good`  [ RunTime:0.0002s ]
SQL: SHOW COLUMNS FROM `wemall_user` [ RunTime:0.0004s ]
SQL: SELECT * FROM `wemall_user` WHERE `uid` = '1' LIMIT 1   [ RunTime:0.0002s ]
SQL: SHOW COLUMNS FROM `wemall_alipay` [ RunTime:0.0003s ]
SQL: SELECT * FROM `wemall_alipay` LIMIT 1   [ RunTime:0.0002s ]
INFO: [ view_parse ] --START--
INFO: [ template_filter ] --START--
INFO: Run Behavior\ContentReplaceBehavior [ RunTime:0.000115s ]
INFO: [ template_filter ] --END-- [ RunTime:0.000184s ]
INFO: Run Behavior\ParseTemplateBehavior [ RunTime:0.010103s ]
INFO: [ view_parse ] --END-- [ RunTime:0.010157s ]
INFO: [ view_filter ] --START--
INFO: Run Behavior\WriteHtmlCacheBehavior [ RunTime:0.000152s ]
INFO: [ view_filter ] --END-- [ RunTime:0.000181s ]
INFO: [ app_end ] --START--
INFO: Run Behavior\ShowPageTraceBehavior [ RunTime:0.000770s ]
INFO: [ app_end ] --END-- [ RunTime:0.000818s ]

[ 2017-03-26T22:24:53+08:00 ] 127.0.0.1 /wemall/index.php?m=App&c=Index&a=index&uid=1
INFO: [ app_init ] --START--
INFO: Run Behavior\BuildLiteBehavior [ RunTime:0.000014s ]
INFO: [ app_init ] --END-- [ RunTime:0.000076s ]
SQL: SHOW COLUMNS FROM `wemall_info` [ RunTime:0.0006s ]
SQL: SELECT * FROM `wemall_info` LIMIT 1   [ RunTime:0.0003s ]
INFO: [ app_begin ] --START--
INFO: Run Behavior\ReadHtmlCacheBehavior [ RunTime:0.000498s ]
INFO: [ app_begin ] --END-- [ RunTime:0.000558s ]
SQL: SELECT * FROM `wemall_info` LIMIT 1   [ RunTime:0.0003s ]
SQL: SHOW COLUMNS FROM `wemall_menu` [ RunTime:0.0007s ]
SQL: SELECT * FROM `wemall_menu`  [ RunTime:0.0002s ]
SQL: SHOW COLUMNS FROM `wemall_good` [ RunTime:0.0005s ]
SQL: SELECT * FROM `wemall_good`  [ RunTime:0.0003s ]
SQL: SHOW COLUMNS FROM `wemall_user` [ RunTime:0.0005s ]
SQL: SELECT * FROM `wemall_user` WHERE `uid` = '1' LIMIT 1   [ RunTime:0.0002s ]
SQL: SHOW COLUMNS FROM `wemall_alipay` [ RunTime:0.0003s ]
SQL: SELECT * FROM `wemall_alipay` LIMIT 1   [ RunTime:0.0002s ]
INFO: [ view_parse ] --START--
INFO: [ template_filter ] --START--
INFO: Run Behavior\ContentReplaceBehavior [ RunTime:0.000073s ]
INFO: [ template_filter ] --END-- [ RunTime:0.000120s ]
INFO: Run Behavior\ParseTemplateBehavior [ RunTime:0.009019s ]
INFO: [ view_parse ] --END-- [ RunTime:0.009060s ]
INFO: [ view_filter ] --START--
INFO: Run Behavior\WriteHtmlCacheBehavior [ RunTime:0.000151s ]
INFO: [ view_filter ] --END-- [ RunTime:0.000181s ]
INFO: [ app_end ] --START--
INFO: Run Behavior\ShowPageTraceBehavior [ RunTime:0.000849s ]
INFO: [ app_end ] --END-- [ RunTime:0.000900s ]

[ 2017-03-26T22:24:55+08:00 ] 127.0.0.1 /wemall/index.php?m=App&c=Index&a=index&uid=1
INFO: [ app_init ] --START--
INFO: Run Behavior\BuildLiteBehavior [ RunTime:0.000016s ]
INFO: [ app_init ] --END-- [ RunTime:0.000061s ]
SQL: SHOW COLUMNS FROM `wemall_info` [ RunTime:0.0007s ]
SQL: SELECT * FROM `wemall_info` LIMIT 1   [ RunTime:0.0003s ]
INFO: [ app_begin ] --START--
INFO: Run Behavior\ReadHtmlCacheBehavior [ RunTime:0.000552s ]
INFO: [ app_begin ] --END-- [ RunTime:0.000612s ]
SQL: SELECT * FROM `wemall_info` LIMIT 1   [ RunTime:0.0003s ]
SQL: SHOW COLUMNS FROM `wemall_menu` [ RunTime:0.0009s ]
SQL: SELECT * FROM `wemall_menu`  [ RunTime:0.0002s ]
SQL: SHOW COLUMNS FROM `wemall_good` [ RunTime:0.0004s ]
SQL: SELECT * FROM `wemall_good`  [ RunTime:0.0002s ]
SQL: SHOW COLUMNS FROM `wemall_user` [ RunTime:0.0004s ]
SQL: SELECT * FROM `wemall_user` WHERE `uid` = '1' LIMIT 1   [ RunTime:0.0002s ]
SQL: SHOW COLUMNS FROM `wemall_alipay` [ RunTime:0.0005s ]
SQL: SELECT * FROM `wemall_alipay` LIMIT 1   [ RunTime:0.0002s ]
INFO: [ view_parse ] --START--
INFO: [ template_filter ] --START--
INFO: Run Behavior\ContentReplaceBehavior [ RunTime:0.000076s ]
INFO: [ template_filter ] --END-- [ RunTime:0.000122s ]
INFO: Run Behavior\ParseTemplateBehavior [ RunTime:0.009253s ]
INFO: [ view_parse ] --END-- [ RunTime:0.009304s ]
INFO: [ view_filter ] --START--
INFO: Run Behavior\WriteHtmlCacheBehavior [ RunTime:0.000149s ]
INFO: [ view_filter ] --END-- [ RunTime:0.000179s ]
INFO: [ app_end ] --START--
INFO: Run Behavior\ShowPageTraceBehavior [ RunTime:0.000952s ]
INFO: [ app_end ] --END-- [ RunTime:0.000994s ]

[ 2017-03-26T22:24:56+08:00 ] 127.0.0.1 /wemall/index.php?m=App&c=Index&a=index&uid=1
INFO: [ app_init ] --START--
INFO: Run Behavior\BuildLiteBehavior [ RunTime:0.000010s ]
INFO: [ app_init ] --END-- [ RunTime:0.000060s ]
SQL: SHOW COLUMNS FROM `wemall_info` [ RunTime:0.0006s ]
SQL: SELECT * FROM `wemall_info` LIMIT 1   [ RunTime:0.0002s ]
INFO: [ app_begin ] --START--
INFO: Run Behavior\ReadHtmlCacheBehavior [ RunTime:0.000528s ]
INFO: [ app_begin ] --END-- [ RunTime:0.000589s ]
SQL: SELECT * FROM `wemall_info` LIMIT 1   [ RunTime:0.0004s ]
SQL: SHOW COLUMNS FROM `wemall_menu` [ RunTime:0.0008s ]
SQL: SELECT * FROM `wemall_menu`  [ RunTime:0.0004s ]
SQL: SHOW COLUMNS FROM `wemall_good` [ RunTime:0.0005s ]
SQL: SELECT * FROM `wemall_good`  [ RunTime:0.0002s ]
SQL: SHOW COLUMNS FROM `wemall_user` [ RunTime:0.0004s ]
SQL: SELECT * FROM `wemall_user` WHERE `uid` = '1' LIMIT 1   [ RunTime:0.0003s ]
SQL: SHOW COLUMNS FROM `wemall_alipay` [ RunTime:0.0003s ]
SQL: SELECT * FROM `wemall_alipay` LIMIT 1   [ RunTime:0.0002s ]
INFO: [ view_parse ] --START--
INFO: [ template_filter ] --START--
INFO: Run Behavior\ContentReplaceBehavior [ RunTime:0.000076s ]
INFO: [ template_filter ] --END-- [ RunTime:0.000134s ]
INFO: Run Behavior\ParseTemplateBehavior [ RunTime:0.009007s ]
INFO: [ view_parse ] --END-- [ RunTime:0.009057s ]
INFO: [ view_filter ] --START--
INFO: Run Behavior\WriteHtmlCacheBehavior [ RunTime:0.000168s ]
INFO: [ view_filter ] --END-- [ RunTime:0.000199s ]
INFO: [ app_end ] --START--
INFO: Run Behavior\ShowPageTraceBehavior [ RunTime:0.000860s ]
INFO: [ app_end ] --END-- [ RunTime:0.000914s ]

[ 2017-03-26T22:24:58+08:00 ] 127.0.0.1 /wemall/index.php?m=App&c=Index&a=index&uid=1
INFO: [ app_init ] --START--
INFO: Run Behavior\BuildLiteBehavior [ RunTime:0.000015s ]
INFO: [ app_init ] --END-- [ RunTime:0.000080s ]
SQL: SHOW COLUMNS FROM `wemall_info` [ RunTime:0.0011s ]
SQL: SELECT * FROM `wemall_info` LIMIT 1   [ RunTime:0.0003s ]
INFO: [ app_begin ] --START--
INFO: Run Behavior\ReadHtmlCacheBehavior [ RunTime:0.000533s ]
INFO: [ app_begin ] --END-- [ RunTime:0.000587s ]
SQL: SELECT * FROM `wemall_info` LIMIT 1   [ RunTime:0.0003s ]
SQL: SHOW COLUMNS FROM `wemall_menu` [ RunTime:0.0005s ]
SQL: SELECT * FROM `wemall_menu`  [ RunTime:0.0003s ]
SQL: SHOW COLUMNS FROM `wemall_good` [ RunTime:0.0007s ]
SQL: SELECT * FROM `wemall_good`  [ RunTime:0.0003s ]
SQL: SHOW COLUMNS FROM `wemall_user` [ RunTime:0.0004s ]
SQL: SELECT * FROM `wemall_user` WHERE `uid` = '1' LIMIT 1   [ RunTime:0.0002s ]
SQL: SHOW COLUMNS FROM `wemall_alipay` [ RunTime:0.0003s ]
SQL: SELECT * FROM `wemall_alipay` LIMIT 1   [ RunTime:0.0002s ]
INFO: [ view_parse ] --START--
INFO: [ template_filter ] --START--
INFO: Run Behavior\ContentReplaceBehavior [ RunTime:0.000075s ]
INFO: [ template_filter ] --END-- [ RunTime:0.000122s ]
INFO: Run Behavior\ParseTemplateBehavior [ RunTime:0.009098s ]
INFO: [ view_parse ] --END-- [ RunTime:0.009138s ]
INFO: [ view_filter ] --START--
INFO: Run Behavior\WriteHtmlCacheBehavior [ RunTime:0.000149s ]
INFO: [ view_filter ] --END-- [ RunTime:0.000177s ]
INFO: [ app_end ] --START--
INFO: Run Behavior\ShowPageTraceBehavior [ RunTime:0.000807s ]
INFO: [ app_end ] --END-- [ RunTime:0.000865s ]

[ 2017-03-26T22:25:07+08:00 ] 127.0.0.1 /wemall/index.php?m=App&c=Index&a=index&uid=1
INFO: [ app_init ] --START--
INFO: Run Behavior\BuildLiteBehavior [ RunTime:0.000014s ]
INFO: [ app_init ] --END-- [ RunTime:0.000074s ]
SQL: SHOW COLUMNS FROM `wemall_info` [ RunTime:0.0006s ]
SQL: SELECT * FROM `wemall_info` LIMIT 1   [ RunTime:0.0004s ]
INFO: [ app_begin ] --START--
INFO: Run Behavior\ReadHtmlCacheBehavior [ RunTime:0.000746s ]
INFO: [ app_begin ] --END-- [ RunTime:0.000811s ]
SQL: SELECT * FROM `wemall_info` LIMIT 1   [ RunTime:0.0003s ]
SQL: SHOW COLUMNS FROM `wemall_menu` [ RunTime:0.0005s ]
SQL: SELECT * FROM `wemall_menu`  [ RunTime:0.0005s ]
SQL: SHOW COLUMNS FROM `wemall_good` [ RunTime:0.0007s ]
SQL: SELECT * FROM `wemall_good`  [ RunTime:0.0003s ]
SQL: SHOW COLUMNS FROM `wemall_user` [ RunTime:0.0004s ]
SQL: SELECT * FROM `wemall_user` WHERE `uid` = '1' LIMIT 1   [ RunTime:0.0002s ]
SQL: SHOW COLUMNS FROM `wemall_alipay` [ RunTime:0.0003s ]
SQL: SELECT * FROM `wemall_alipay` LIMIT 1   [ RunTime:0.0002s ]
INFO: [ view_parse ] --START--
INFO: [ template_filter ] --START--
INFO: Run Behavior\ContentReplaceBehavior [ RunTime:0.000074s ]
INFO: [ template_filter ] --END-- [ RunTime:0.000132s ]
INFO: Run Behavior\ParseTemplateBehavior [ RunTime:0.009919s ]
INFO: [ view_parse ] --END-- [ RunTime:0.009983s ]
INFO: [ view_filter ] --START--
INFO: Run Behavior\WriteHtmlCacheBehavior [ RunTime:0.000155s ]
INFO: [ view_filter ] --END-- [ RunTime:0.000188s ]
INFO: [ app_end ] --START--
INFO: Run Behavior\ShowPageTraceBehavior [ RunTime:0.000811s ]
INFO: [ app_end ] --END-- [ RunTime:0.000855s ]

[ 2017-03-26T22:25:09+08:00 ] 127.0.0.1 /wemall/index.php?m=App&c=Index&a=index&uid=1
INFO: [ app_init ] --START--
INFO: Run Behavior\BuildLiteBehavior [ RunTime:0.000011s ]
INFO: [ app_init ] --END-- [ RunTime:0.000055s ]
SQL: SHOW COLUMNS FROM `wemall_info` [ RunTime:0.0005s ]
SQL: SELECT * FROM `wemall_info` LIMIT 1   [ RunTime:0.0002s ]
INFO: [ app_begin ] --START--
INFO: Run Behavior\ReadHtmlCacheBehavior [ RunTime:0.000417s ]
INFO: [ app_begin ] --END-- [ RunTime:0.000465s ]
SQL: SELECT * FROM `wemall_info` LIMIT 1   [ RunTime:0.0005s ]
SQL: SHOW COLUMNS FROM `wemall_menu` [ RunTime:0.0011s ]
SQL: SELECT * FROM `wemall_menu`  [ RunTime:0.0004s ]
SQL: SHOW COLUMNS FROM `wemall_good` [ RunTime:0.0005s ]
SQL: SELECT * FROM `wemall_good`  [ RunTime:0.0003s ]
SQL: SHOW COLUMNS FROM `wemall_user` [ RunTime:0.0005s ]
SQL: SELECT * FROM `wemall_user` WHERE `uid` = '1' LIMIT 1   [ RunTime:0.0002s ]
SQL: SHOW COLUMNS FROM `wemall_alipay` [ RunTime:0.0003s ]
SQL: SELECT * FROM `wemall_alipay` LIMIT 1   [ RunTime:0.0002s ]
INFO: [ view_parse ] --START--
INFO: [ template_filter ] --START--
INFO: Run Behavior\ContentReplaceBehavior [ RunTime:0.000072s ]
INFO: [ template_filter ] --END-- [ RunTime:0.000118s ]
INFO: Run Behavior\ParseTemplateBehavior [ RunTime:0.008148s ]
INFO: [ view_parse ] --END-- [ RunTime:0.008193s ]
INFO: [ view_filter ] --START--
INFO: Run Behavior\WriteHtmlCacheBehavior [ RunTime:0.000163s ]
INFO: [ view_filter ] --END-- [ RunTime:0.000193s ]
INFO: [ app_end ] --START--
INFO: Run Behavior\ShowPageTraceBehavior [ RunTime:0.000833s ]
INFO: [ app_end ] --END-- [ RunTime:0.000890s ]

[ 2017-03-26T22:25:10+08:00 ] 127.0.0.1 /wemall/index.php?m=App&c=Index&a=index&uid=1
INFO: [ app_init ] --START--
INFO: Run Behavior\BuildLiteBehavior [ RunTime:0.000015s ]
INFO: [ app_init ] --END-- [ RunTime:0.000081s ]
SQL: SHOW COLUMNS FROM `wemall_info` [ RunTime:0.0006s ]
SQL: SELECT * FROM `wemall_info` LIMIT 1   [ RunTime:0.0003s ]
INFO: [ app_begin ] --START--
INFO: Run Behavior\ReadHtmlCacheBehavior [ RunTime:0.000550s ]
INFO: [ app_begin ] --END-- [ RunTime:0.000613s ]
SQL: SELECT * FROM `wemall_info` LIMIT 1   [ RunTime:0.0003s ]
SQL: SHOW COLUMNS FROM `wemall_menu` [ RunTime:0.0006s ]
SQL: SELECT * FROM `wemall_menu`  [ RunTime:0.0003s ]
SQL: SHOW COLUMNS FROM `wemall_good` [ RunTime:0.0005s ]
SQL: SELECT * FROM `wemall_good`  [ RunTime:0.0003s ]
SQL: SHOW COLUMNS FROM `wemall_user` [ RunTime:0.0004s ]
SQL: SELECT * FROM `wemall_user` WHERE `uid` = '1' LIMIT 1   [ RunTime:0.0002s ]
SQL: SHOW COLUMNS FROM `wemall_alipay` [ RunTime:0.0005s ]
SQL: SELECT * FROM `wemall_alipay` LIMIT 1   [ RunTime:0.0002s ]
INFO: [ view_parse ] --START--
INFO: [ template_filter ] --START--
INFO: Run Behavior\ContentReplaceBehavior [ RunTime:0.000074s ]
INFO: [ template_filter ] --END-- [ RunTime:0.000129s ]
INFO: Run Behavior\ParseTemplateBehavior [ RunTime:0.008880s ]
INFO: [ view_parse ] --END-- [ RunTime:0.008937s ]
INFO: [ view_filter ] --START--
INFO: Run Behavior\WriteHtmlCacheBehavior [ RunTime:0.000213s ]
INFO: [ view_filter ] --END-- [ RunTime:0.000252s ]
INFO: [ app_end ] --START--
INFO: Run Behavior\ShowPageTraceBehavior [ RunTime:0.000836s ]
INFO: [ app_end ] --END-- [ RunTime:0.000886s ]

[ 2017-03-26T22:25:12+08:00 ] 127.0.0.1 /wemall/index.php?m=App&c=Index&a=index&uid=1
INFO: [ app_init ] --START--
INFO: Run Behavior\BuildLiteBehavior [ RunTime:0.000014s ]
INFO: [ app_init ] --END-- [ RunTime:0.000073s ]
SQL: SHOW COLUMNS FROM `wemall_info` [ RunTime:0.0008s ]
SQL: SELECT * FROM `wemall_info` LIMIT 1   [ RunTime:0.0005s ]
INFO: [ app_begin ] --START--
INFO: Run Behavior\ReadHtmlCacheBehavior [ RunTime:0.000565s ]
INFO: [ app_begin ] --END-- [ RunTime:0.000624s ]
SQL: SELECT * FROM `wemall_info` LIMIT 1   [ RunTime:0.0003s ]
SQL: SHOW COLUMNS FROM `wemall_menu` [ RunTime:0.0006s ]
SQL: SELECT * FROM `wemall_menu`  [ RunTime:0.0003s ]
SQL: SHOW COLUMNS FROM `wemall_good` [ RunTime:0.0010s ]
SQL: SELECT * FROM `wemall_good`  [ RunTime:0.0004s ]
SQL: SHOW COLUMNS FROM `wemall_user` [ RunTime:0.0014s ]
SQL: SELECT * FROM `wemall_user` WHERE `uid` = '1' LIMIT 1   [ RunTime:0.0003s ]
SQL: SHOW COLUMNS FROM `wemall_alipay` [ RunTime:0.0004s ]
SQL: SELECT * FROM `wemall_alipay` LIMIT 1   [ RunTime:0.0002s ]
INFO: [ view_parse ] --START--
INFO: [ template_filter ] --START--
INFO: Run Behavior\ContentReplaceBehavior [ RunTime:0.000072s ]
INFO: [ template_filter ] --END-- [ RunTime:0.000128s ]
INFO: Run Behavior\ParseTemplateBehavior [ RunTime:0.008289s ]
INFO: [ view_parse ] --END-- [ RunTime:0.008333s ]
INFO: [ view_filter ] --START--
INFO: Run Behavior\WriteHtmlCacheBehavior [ RunTime:0.000153s ]
INFO: [ view_filter ] --END-- [ RunTime:0.000183s ]
INFO: [ app_end ] --START--
INFO: Run Behavior\ShowPageTraceBehavior [ RunTime:0.000941s ]
INFO: [ app_end ] --END-- [ RunTime:0.001048s ]

[ 2017-03-26T22:25:14+08:00 ] 127.0.0.1 /wemall/index.php?m=App&c=Index&a=index&uid=1
INFO: [ app_init ] --START--
INFO: Run Behavior\BuildLiteBehavior [ RunTime:0.000010s ]
INFO: [ app_init ] --END-- [ RunTime:0.000054s ]
SQL: SHOW COLUMNS FROM `wemall_info` [ RunTime:0.0006s ]
SQL: SELECT * FROM `wemall_info` LIMIT 1   [ RunTime:0.0003s ]
INFO: [ app_begin ] --START--
INFO: Run Behavior\ReadHtmlCacheBehavior [ RunTime:0.000479s ]
INFO: [ app_begin ] --END-- [ RunTime:0.000535s ]
SQL: SELECT * FROM `wemall_info` LIMIT 1   [ RunTime:0.0004s ]
SQL: SHOW COLUMNS FROM `wemall_menu` [ RunTime:0.0010s ]
SQL: SELECT * FROM `wemall_menu`  [ RunTime:0.0002s ]
SQL: SHOW COLUMNS FROM `wemall_good` [ RunTime:0.0005s ]
SQL: SELECT * FROM `wemall_good`  [ RunTime:0.0002s ]
SQL: SHOW COLUMNS FROM `wemall_user` [ RunTime:0.0004s ]
SQL: SELECT * FROM `wemall_user` WHERE `uid` = '1' LIMIT 1   [ RunTime:0.0002s ]
SQL: SHOW COLUMNS FROM `wemall_alipay` [ RunTime:0.0003s ]
SQL: SELECT * FROM `wemall_alipay` LIMIT 1   [ RunTime:0.0002s ]
INFO: [ view_parse ] --START--
INFO: [ template_filter ] --START--
INFO: Run Behavior\ContentReplaceBehavior [ RunTime:0.000074s ]
INFO: [ template_filter ] --END-- [ RunTime:0.000121s ]
INFO: Run Behavior\ParseTemplateBehavior [ RunTime:0.010210s ]
INFO: [ view_parse ] --END-- [ RunTime:0.010255s ]
INFO: [ view_filter ] --START--
INFO: Run Behavior\WriteHtmlCacheBehavior [ RunTime:0.000185s ]
INFO: [ view_filter ] --END-- [ RunTime:0.000223s ]
INFO: [ app_end ] --START--
INFO: Run Behavior\ShowPageTraceBehavior [ RunTime:0.000930s ]
INFO: [ app_end ] --END-- [ RunTime:0.001212s ]

[ 2017-03-26T22:25:14+08:00 ] 127.0.0.1 /wemall/index.php?m=App&c=Index&a=index&uid=1
INFO: [ app_init ] --START--
INFO: Run Behavior\BuildLiteBehavior [ RunTime:0.000015s ]
INFO: [ app_init ] --END-- [ RunTime:0.000089s ]
SQL: SHOW COLUMNS FROM `wemall_info` [ RunTime:0.0006s ]
SQL: SELECT * FROM `wemall_info` LIMIT 1   [ RunTime:0.0002s ]
INFO: [ app_begin ] --START--
INFO: Run Behavior\ReadHtmlCacheBehavior [ RunTime:0.000382s ]
INFO: [ app_begin ] --END-- [ RunTime:0.000420s ]
SQL: SELECT * FROM `wemall_info` LIMIT 1   [ RunTime:0.0003s ]
SQL: SHOW COLUMNS FROM `wemall_menu` [ RunTime:0.0005s ]
SQL: SELECT * FROM `wemall_menu`  [ RunTime:0.0005s ]
SQL: SHOW COLUMNS FROM `wemall_good` [ RunTime:0.0005s ]
SQL: SELECT * FROM `wemall_good`  [ RunTime:0.0002s ]
SQL: SHOW COLUMNS FROM `wemall_user` [ RunTime:0.0005s ]
SQL: SELECT * FROM `wemall_user` WHERE `uid` = '1' LIMIT 1   [ RunTime:0.0002s ]
SQL: SHOW COLUMNS FROM `wemall_alipay` [ RunTime:0.0003s ]
SQL: SELECT * FROM `wemall_alipay` LIMIT 1   [ RunTime:0.0002s ]
INFO: [ view_parse ] --START--
INFO: [ template_filter ] --START--
INFO: Run Behavior\ContentReplaceBehavior [ RunTime:0.000075s ]
INFO: [ template_filter ] --END-- [ RunTime:0.000195s ]
INFO: Run Behavior\ParseTemplateBehavior [ RunTime:0.009521s ]
INFO: [ view_parse ] --END-- [ RunTime:0.009571s ]
INFO: [ view_filter ] --START--
INFO: Run Behavior\WriteHtmlCacheBehavior [ RunTime:0.000151s ]
INFO: [ view_filter ] --END-- [ RunTime:0.000182s ]
INFO: [ app_end ] --START--
INFO: Run Behavior\ShowPageTraceBehavior [ RunTime:0.000747s ]
INFO: [ app_end ] --END-- [ RunTime:0.000788s ]

[ 2017-03-26T22:25:15+08:00 ] 127.0.0.1 /wemall/index.php?m=App&c=Index&a=index&uid=1
INFO: [ app_init ] --START--
INFO: Run Behavior\BuildLiteBehavior [ RunTime:0.000014s ]
INFO: [ app_init ] --END-- [ RunTime:0.000077s ]
SQL: SHOW COLUMNS FROM `wemall_info` [ RunTime:0.0006s ]
SQL: SELECT * FROM `wemall_info` LIMIT 1   [ RunTime:0.0003s ]
INFO: [ app_begin ] --START--
INFO: Run Behavior\ReadHtmlCacheBehavior [ RunTime:0.000606s ]
INFO: [ app_begin ] --END-- [ RunTime:0.000670s ]
SQL: SELECT * FROM `wemall_info` LIMIT 1   [ RunTime:0.0003s ]
SQL: SHOW COLUMNS FROM `wemall_menu` [ RunTime:0.0005s ]
SQL: SELECT * FROM `wemall_menu`  [ RunTime:0.0004s ]
SQL: SHOW COLUMNS FROM `wemall_good` [ RunTime:0.0005s ]
SQL: SELECT * FROM `wemall_good`  [ RunTime:0.0003s ]
SQL: SHOW COLUMNS FROM `wemall_user` [ RunTime:0.0004s ]
SQL: SELECT * FROM `wemall_user` WHERE `uid` = '1' LIMIT 1   [ RunTime:0.0002s ]
SQL: SHOW COLUMNS FROM `wemall_alipay` [ RunTime:0.0004s ]
SQL: SELECT * FROM `wemall_alipay` LIMIT 1   [ RunTime:0.0002s ]
INFO: [ view_parse ] --START--
INFO: [ template_filter ] --START--
INFO: Run Behavior\ContentReplaceBehavior [ RunTime:0.000098s ]
INFO: [ template_filter ] --END-- [ RunTime:0.000165s ]
INFO: Run Behavior\ParseTemplateBehavior [ RunTime:0.012204s ]
INFO: [ view_parse ] --END-- [ RunTime:0.012288s ]
INFO: [ view_filter ] --START--
INFO: Run Behavior\WriteHtmlCacheBehavior [ RunTime:0.000299s ]
INFO: [ view_filter ] --END-- [ RunTime:0.000353s ]
INFO: [ app_end ] --START--
INFO: Run Behavior\ShowPageTraceBehavior [ RunTime:0.000940s ]
INFO: [ app_end ] --END-- [ RunTime:0.001002s ]

[ 2017-03-26T22:25:16+08:00 ] 127.0.0.1 /wemall/index.php?m=App&c=Index&a=index&uid=1
INFO: [ app_init ] --START--
INFO: Run Behavior\BuildLiteBehavior [ RunTime:0.000015s ]
INFO: [ app_init ] --END-- [ RunTime:0.000078s ]
SQL: SHOW COLUMNS FROM `wemall_info` [ RunTime:0.0006s ]
SQL: SELECT * FROM `wemall_info` LIMIT 1   [ RunTime:0.0002s ]
INFO: [ app_begin ] --START--
INFO: Run Behavior\ReadHtmlCacheBehavior [ RunTime:0.000625s ]
INFO: [ app_begin ] --END-- [ RunTime:0.000693s ]
SQL: SELECT * FROM `wemall_info` LIMIT 1   [ RunTime:0.0003s ]
SQL: SHOW COLUMNS FROM `wemall_menu` [ RunTime:0.0008s ]
SQL: SELECT * FROM `wemall_menu`  [ RunTime:0.0002s ]
SQL: SHOW COLUMNS FROM `wemall_good` [ RunTime:0.0004s ]
SQL: SELECT * FROM `wemall_good`  [ RunTime:0.0002s ]
SQL: SHOW COLUMNS FROM `wemall_user` [ RunTime:0.0004s ]
SQL: SELECT * FROM `wemall_user` WHERE `uid` = '1' LIMIT 1   [ RunTime:0.0002s ]
SQL: SHOW COLUMNS FROM `wemall_alipay` [ RunTime:0.0003s ]
SQL: SELECT * FROM `wemall_alipay` LIMIT 1   [ RunTime:0.0002s ]
INFO: [ view_parse ] --START--
INFO: [ template_filter ] --START--
INFO: Run Behavior\ContentReplaceBehavior [ RunTime:0.000079s ]
INFO: [ template_filter ] --END-- [ RunTime:0.000156s ]
INFO: Run Behavior\ParseTemplateBehavior [ RunTime:0.008448s ]
INFO: [ view_parse ] --END-- [ RunTime:0.008491s ]
INFO: [ view_filter ] --START--
INFO: Run Behavior\WriteHtmlCacheBehavior [ RunTime:0.000156s ]
INFO: [ view_filter ] --END-- [ RunTime:0.000188s ]
INFO: [ app_end ] --START--
INFO: Run Behavior\ShowPageTraceBehavior [ RunTime:0.000963s ]
INFO: [ app_end ] --END-- [ RunTime:0.001014s ]

[ 2017-03-26T22:25:28+08:00 ] 127.0.0.1 /wemall/index.php?m=App&c=Index&a=index&uid=1
INFO: [ app_init ] --START--
INFO: Run Behavior\BuildLiteBehavior [ RunTime:0.000015s ]
INFO: [ app_init ] --END-- [ RunTime:0.000080s ]
SQL: SHOW COLUMNS FROM `wemall_info` [ RunTime:0.0007s ]
SQL: SELECT * FROM `wemall_info` LIMIT 1   [ RunTime:0.0003s ]
INFO: [ app_begin ] --START--
INFO: Run Behavior\ReadHtmlCacheBehavior [ RunTime:0.000572s ]
INFO: [ app_begin ] --END-- [ RunTime:0.000631s ]
SQL: SELECT * FROM `wemall_info` LIMIT 1   [ RunTime:0.0003s ]
SQL: SHOW COLUMNS FROM `wemall_menu` [ RunTime:0.0008s ]
SQL: SELECT * FROM `wemall_menu`  [ RunTime:0.0002s ]
SQL: SHOW COLUMNS FROM `wemall_good` [ RunTime:0.0005s ]
SQL: SELECT * FROM `wemall_good`  [ RunTime:0.0004s ]
SQL: SHOW COLUMNS FROM `wemall_user` [ RunTime:0.0005s ]
SQL: SELECT * FROM `wemall_user` WHERE `uid` = '1' LIMIT 1   [ RunTime:0.0002s ]
SQL: SHOW COLUMNS FROM `wemall_alipay` [ RunTime:0.0004s ]
SQL: SELECT * FROM `wemall_alipay` LIMIT 1   [ RunTime:0.0002s ]
INFO: [ view_parse ] --START--
INFO: [ template_filter ] --START--
INFO: Run Behavior\ContentReplaceBehavior [ RunTime:0.000075s ]
INFO: [ template_filter ] --END-- [ RunTime:0.000121s ]
INFO: Run Behavior\ParseTemplateBehavior [ RunTime:0.009633s ]
INFO: [ view_parse ] --END-- [ RunTime:0.009697s ]
INFO: [ view_filter ] --START--
INFO: Run Behavior\WriteHtmlCacheBehavior [ RunTime:0.000179s ]
INFO: [ view_filter ] --END-- [ RunTime:0.000213s ]
INFO: [ app_end ] --START--
INFO: Run Behavior\ShowPageTraceBehavior [ RunTime:0.000822s ]
INFO: [ app_end ] --END-- [ RunTime:0.000888s ]

[ 2017-03-26T22:25:30+08:00 ] 127.0.0.1 /wemall/index.php?m=App&c=Index&a=index&uid=1
INFO: [ app_init ] --START--
INFO: Run Behavior\BuildLiteBehavior [ RunTime:0.000014s ]
INFO: [ app_init ] --END-- [ RunTime:0.000072s ]
SQL: SHOW COLUMNS FROM `wemall_info` [ RunTime:0.0006s ]
SQL: SELECT * FROM `wemall_info` LIMIT 1   [ RunTime:0.0003s ]
INFO: [ app_begin ] --START--
INFO: Run Behavior\ReadHtmlCacheBehavior [ RunTime:0.000584s ]
INFO: [ app_begin ] --END-- [ RunTime:0.000652s ]
SQL: SELECT * FROM `wemall_info` LIMIT 1   [ RunTime:0.0003s ]
SQL: SHOW COLUMNS FROM `wemall_menu` [ RunTime:0.0008s ]
SQL: SELECT * FROM `wemall_menu`  [ RunTime:0.0003s ]
SQL: SHOW COLUMNS FROM `wemall_good` [ RunTime:0.0005s ]
SQL: SELECT * FROM `wemall_good`  [ RunTime:0.0003s ]
SQL: SHOW COLUMNS FROM `wemall_user` [ RunTime:0.0004s ]
SQL: SELECT * FROM `wemall_user` WHERE `uid` = '1' LIMIT 1   [ RunTime:0.0002s ]
SQL: SHOW COLUMNS FROM `wemall_alipay` [ RunTime:0.0003s ]
SQL: SELECT * FROM `wemall_alipay` LIMIT 1   [ RunTime:0.0002s ]
INFO: [ view_parse ] --START--
INFO: [ template_filter ] --START--
INFO: Run Behavior\ContentReplaceBehavior [ RunTime:0.000110s ]
INFO: [ template_filter ] --END-- [ RunTime:0.000175s ]
INFO: Run Behavior\ParseTemplateBehavior [ RunTime:0.009598s ]
INFO: [ view_parse ] --END-- [ RunTime:0.009656s ]
INFO: [ view_filter ] --START--
INFO: Run Behavior\WriteHtmlCacheBehavior [ RunTime:0.000169s ]
INFO: [ view_filter ] --END-- [ RunTime:0.000217s ]
INFO: [ app_end ] --START--
INFO: Run Behavior\ShowPageTraceBehavior [ RunTime:0.000858s ]
INFO: [ app_end ] --END-- [ RunTime:0.000921s ]

[ 2017-03-26T22:25:32+08:00 ] 127.0.0.1 /wemall/index.php?m=App&c=Index&a=index&uid=1
INFO: [ app_init ] --START--
INFO: Run Behavior\BuildLiteBehavior [ RunTime:0.000014s ]
INFO: [ app_init ] --END-- [ RunTime:0.000088s ]
SQL: SHOW COLUMNS FROM `wemall_info` [ RunTime:0.0007s ]
SQL: SELECT * FROM `wemall_info` LIMIT 1   [ RunTime:0.0003s ]
INFO: [ app_begin ] --START--
INFO: Run Behavior\ReadHtmlCacheBehavior [ RunTime:0.000575s ]
INFO: [ app_begin ] --END-- [ RunTime:0.000630s ]
SQL: SELECT * FROM `wemall_info` LIMIT 1   [ RunTime:0.0003s ]
SQL: SHOW COLUMNS FROM `wemall_menu` [ RunTime:0.0009s ]
SQL: SELECT * FROM `wemall_menu`  [ RunTime:0.0007s ]
SQL: SHOW COLUMNS FROM `wemall_good` [ RunTime:0.0005s ]
SQL: SELECT * FROM `wemall_good`  [ RunTime:0.0002s ]
SQL: SHOW COLUMNS FROM `wemall_user` [ RunTime:0.0006s ]
SQL: SELECT * FROM `wemall_user` WHERE `uid` = '1' LIMIT 1   [ RunTime:0.0004s ]
SQL: SHOW COLUMNS FROM `wemall_alipay` [ RunTime:0.0005s ]
SQL: SELECT * FROM `wemall_alipay` LIMIT 1   [ RunTime:0.0002s ]
INFO: [ view_parse ] --START--
INFO: [ template_filter ] --START--
INFO: Run Behavior\ContentReplaceBehavior [ RunTime:0.000074s ]
INFO: [ template_filter ] --END-- [ RunTime:0.000130s ]
INFO: Run Behavior\ParseTemplateBehavior [ RunTime:0.011245s ]
INFO: [ view_parse ] --END-- [ RunTime:0.011313s ]
INFO: [ view_filter ] --START--
INFO: Run Behavior\WriteHtmlCacheBehavior [ RunTime:0.000198s ]
INFO: [ view_filter ] --END-- [ RunTime:0.000243s ]
INFO: [ app_end ] --START--
INFO: Run Behavior\ShowPageTraceBehavior [ RunTime:0.001007s ]
INFO: [ app_end ] --END-- [ RunTime:0.001102s ]

[ 2017-03-26T22:25:34+08:00 ] 127.0.0.1 /wemall/index.php?m=App&c=Index&a=index&uid=1
INFO: [ app_init ] --START--
INFO: Run Behavior\BuildLiteBehavior [ RunTime:0.000010s ]
INFO: [ app_init ] --END-- [ RunTime:0.000056s ]
SQL: SHOW COLUMNS FROM `wemall_info` [ RunTime:0.0004s ]
SQL: SELECT * FROM `wemall_info` LIMIT 1   [ RunTime:0.0002s ]
INFO: [ app_begin ] --START--
INFO: Run Behavior\ReadHtmlCacheBehavior [ RunTime:0.000546s ]
INFO: [ app_begin ] --END-- [ RunTime:0.000597s ]
SQL: SELECT * FROM `wemall_info` LIMIT 1   [ RunTime:0.0003s ]
SQL: SHOW COLUMNS FROM `wemall_menu` [ RunTime:0.0009s ]
SQL: SELECT * FROM `wemall_menu`  [ RunTime:0.0002s ]
SQL: SHOW COLUMNS FROM `wemall_good` [ RunTime:0.0005s ]
SQL: SELECT * FROM `wemall_good`  [ RunTime:0.0002s ]
SQL: SHOW COLUMNS FROM `wemall_user` [ RunTime:0.0004s ]
SQL: SELECT * FROM `wemall_user` WHERE `uid` = '1' LIMIT 1   [ RunTime:0.0003s ]
SQL: SHOW COLUMNS FROM `wemall_alipay` [ RunTime:0.0005s ]
SQL: SELECT * FROM `wemall_alipay` LIMIT 1   [ RunTime:0.0002s ]
INFO: [ view_parse ] --START--
INFO: [ template_filter ] --START--
INFO: Run Behavior\ContentReplaceBehavior [ RunTime:0.000097s ]
INFO: [ template_filter ] --END-- [ RunTime:0.000168s ]
INFO: Run Behavior\ParseTemplateBehavior [ RunTime:0.012747s ]
INFO: [ view_parse ] --END-- [ RunTime:0.012816s ]
INFO: [ view_filter ] --START--
INFO: Run Behavior\WriteHtmlCacheBehavior [ RunTime:0.000207s ]
INFO: [ view_filter ] --END-- [ RunTime:0.000253s ]
INFO: [ app_end ] --START--
INFO: Run Behavior\ShowPageTraceBehavior [ RunTime:0.000977s ]
INFO: [ app_end ] --END-- [ RunTime:0.001055s ]

[ 2017-03-26T22:25:36+08:00 ] 127.0.0.1 /wemall/index.php?m=App&c=Index&a=index&uid=1
INFO: [ app_init ] --START--
INFO: Run Behavior\BuildLiteBehavior [ RunTime:0.000015s ]
INFO: [ app_init ] --END-- [ RunTime:0.000080s ]
SQL: SHOW COLUMNS FROM `wemall_info` [ RunTime:0.0006s ]
SQL: SELECT * FROM `wemall_info` LIMIT 1   [ RunTime:0.0004s ]
INFO: [ app_begin ] --START--
INFO: Run Behavior\ReadHtmlCacheBehavior [ RunTime:0.000564s ]
INFO: [ app_begin ] --END-- [ RunTime:0.000622s ]
SQL: SELECT * FROM `wemall_info` LIMIT 1   [ RunTime:0.0003s ]
SQL: SHOW COLUMNS FROM `wemall_menu` [ RunTime:0.0005s ]
SQL: SELECT * FROM `wemall_menu`  [ RunTime:0.0003s ]
SQL: SHOW COLUMNS FROM `wemall_good` [ RunTime:0.0018s ]
SQL: SELECT * FROM `wemall_good`  [ RunTime:0.0003s ]
SQL: SHOW COLUMNS FROM `wemall_user` [ RunTime:0.0004s ]
SQL: SELECT * FROM `wemall_user` WHERE `uid` = '1' LIMIT 1   [ RunTime:0.0002s ]
SQL: SHOW COLUMNS FROM `wemall_alipay` [ RunTime:0.0003s ]
SQL: SELECT * FROM `wemall_alipay` LIMIT 1   [ RunTime:0.0002s ]
INFO: [ view_parse ] --START--
INFO: [ template_filter ] --START--
INFO: Run Behavior\ContentReplaceBehavior [ RunTime:0.000094s ]
INFO: [ template_filter ] --END-- [ RunTime:0.000158s ]
INFO: Run Behavior\ParseTemplateBehavior [ RunTime:0.011910s ]
INFO: [ view_parse ] --END-- [ RunTime:0.011999s ]
INFO: [ view_filter ] --START--
INFO: Run Behavior\WriteHtmlCacheBehavior [ RunTime:0.000190s ]
INFO: [ view_filter ] --END-- [ RunTime:0.000234s ]
INFO: [ app_end ] --START--
INFO: Run Behavior\ShowPageTraceBehavior [ RunTime:0.000671s ]
INFO: [ app_end ] --END-- [ RunTime:0.000783s ]

[ 2017-03-26T22:25:40+08:00 ] 127.0.0.1 /wemall/index.php?m=App&c=Index&a=index&uid=1
INFO: [ app_init ] --START--
INFO: Run Behavior\BuildLiteBehavior [ RunTime:0.000024s ]
INFO: [ app_init ] --END-- [ RunTime:0.000083s ]
SQL: SHOW COLUMNS FROM `wemall_info` [ RunTime:0.0006s ]
SQL: SELECT * FROM `wemall_info` LIMIT 1   [ RunTime:0.0003s ]
INFO: [ app_begin ] --START--
INFO: Run Behavior\ReadHtmlCacheBehavior [ RunTime:0.000542s ]
INFO: [ app_begin ] --END-- [ RunTime:0.000602s ]
SQL: SELECT * FROM `wemall_info` LIMIT 1   [ RunTime:0.0003s ]
SQL: SHOW COLUMNS FROM `wemall_menu` [ RunTime:0.0006s ]
SQL: SELECT * FROM `wemall_menu`  [ RunTime:0.0003s ]
SQL: SHOW COLUMNS FROM `wemall_good` [ RunTime:0.0008s ]
SQL: SELECT * FROM `wemall_good`  [ RunTime:0.0003s ]
SQL: SHOW COLUMNS FROM `wemall_user` [ RunTime:0.0004s ]
SQL: SELECT * FROM `wemall_user` WHERE `uid` = '1' LIMIT 1   [ RunTime:0.0002s ]
SQL: SHOW COLUMNS FROM `wemall_alipay` [ RunTime:0.0004s ]
SQL: SELECT * FROM `wemall_alipay` LIMIT 1   [ RunTime:0.0002s ]
INFO: [ view_parse ] --START--
INFO: [ template_filter ] --START--
INFO: Run Behavior\ContentReplaceBehavior [ RunTime:0.000074s ]
INFO: [ template_filter ] --END-- [ RunTime:0.000120s ]
INFO: Run Behavior\ParseTemplateBehavior [ RunTime:0.008889s ]
INFO: [ view_parse ] --END-- [ RunTime:0.008933s ]
INFO: [ view_filter ] --START--
INFO: Run Behavior\WriteHtmlCacheBehavior [ RunTime:0.000146s ]
INFO: [ view_filter ] --END-- [ RunTime:0.000178s ]
INFO: [ app_end ] --START--
INFO: Run Behavior\ShowPageTraceBehavior [ RunTime:0.000814s ]
INFO: [ app_end ] --END-- [ RunTime:0.000865s ]

[ 2017-03-26T22:27:11+08:00 ] 127.0.0.1 /wemall/index.php/App/Index/fetchgooddetail
INFO: [ app_init ] --START--
INFO: Run Behavior\BuildLiteBehavior [ RunTime:0.000010s ]
INFO: [ app_init ] --END-- [ RunTime:0.000052s ]
SQL: SHOW COLUMNS FROM `wemall_info` [ RunTime:0.0005s ]
SQL: SELECT * FROM `wemall_info` LIMIT 1   [ RunTime:0.0002s ]
INFO: [ app_begin ] --START--
INFO: Run Behavior\ReadHtmlCacheBehavior [ RunTime:0.000372s ]
INFO: [ app_begin ] --END-- [ RunTime:0.000410s ]
SQL: SHOW COLUMNS FROM `wemall_good` [ RunTime:0.0006s ]
SQL: SELECT * FROM `wemall_good` WHERE `id` = 1 LIMIT 1   [ RunTime:0.0004s ]

[ 2017-03-26T23:33:27+08:00 ] 127.0.0.1 /emenu/index.php?m=App&c=Index&a=index&uid=1
INFO: [ app_init ] --START--
INFO: Run Behavior\BuildLiteBehavior [ RunTime:0.000013s ]
INFO: [ app_init ] --END-- [ RunTime:0.000119s ]
SQL: SHOW COLUMNS FROM `wemall_info` [ RunTime:0.0028s ]
SQL: SELECT * FROM `wemall_info` LIMIT 1   [ RunTime:0.0006s ]
INFO: [ app_begin ] --START--
INFO: Run Behavior\ReadHtmlCacheBehavior [ RunTime:0.000995s ]
INFO: [ app_begin ] --END-- [ RunTime:0.001122s ]
SQL: SELECT * FROM `wemall_info` LIMIT 1   [ RunTime:0.0004s ]
SQL: SHOW COLUMNS FROM `wemall_menu` [ RunTime:0.0010s ]
SQL: SELECT * FROM `wemall_menu`  [ RunTime:0.0018s ]
SQL: SHOW COLUMNS FROM `wemall_good` [ RunTime:0.0018s ]
SQL: SELECT * FROM `wemall_good`  [ RunTime:0.0005s ]
SQL: SHOW COLUMNS FROM `wemall_user` [ RunTime:0.0009s ]
SQL: SELECT * FROM `wemall_user` WHERE `uid` = '1' LIMIT 1   [ RunTime:0.0005s ]
SQL: SHOW COLUMNS FROM `wemall_alipay` [ RunTime:0.0005s ]
SQL: SELECT * FROM `wemall_alipay` LIMIT 1   [ RunTime:0.0002s ]
INFO: [ view_parse ] --START--
INFO: [ template_filter ] --START--
INFO: Run Behavior\ContentReplaceBehavior [ RunTime:0.000133s ]
INFO: [ template_filter ] --END-- [ RunTime:0.000199s ]
INFO: Run Behavior\ParseTemplateBehavior [ RunTime:0.012471s ]
INFO: [ view_parse ] --END-- [ RunTime:0.012536s ]
INFO: [ view_filter ] --START--
INFO: Run Behavior\WriteHtmlCacheBehavior [ RunTime:0.000188s ]
INFO: [ view_filter ] --END-- [ RunTime:0.000218s ]
INFO: [ app_end ] --START--
INFO: Run Behavior\ShowPageTraceBehavior [ RunTime:0.000855s ]
INFO: [ app_end ] --END-- [ RunTime:0.000901s ]

